Start testing: Apr 28 00:19 -03
----------------------------------------------------------
1/1 Testing: Scenario: T1: 1 subframe 16K-QPSK-CR9/15 64K-LDPC, 1 PLP de 632933 cells
1/1 Test: Scenario: T1: 1 subframe 16K-QPSK-CR9/15 64K-LDPC, 1 PLP de 632933 cells
Command: "/home/joao-pedro/Projetos/mestrado/atsc-calculator/server_generator/build_test/tests/atsc_tests" "Scenario: T1: 1 subframe 16K-QPSK-CR9/15 64K-LDPC\, 1 PLP de 632933 cells"
Directory: /home/joao-pedro/Projetos/mestrado/atsc-calculator/server_generator/build_test/test_runtime
"Scenario: T1: 1 subframe 16K-QPSK-CR9/15 64K-LDPC, 1 PLP de 632933 cells" start time: Apr 28 00:19 -03
Output:
----------------------------------------------------------
Filters: "Scenario: T1: 1 subframe 16K-QPSK-CR9/15 64K-LDPC\, 1 PLP de 632933 cells"
Randomness seeded to: 1416988071
JSON flag: setConfig
Full configuration saved in: config/config.conf
=== Time Offset Parameters ===
  FFT size: 16384 samples
  Guard interval: 1024 samples
  T_symbol: 17408 samples
  N_total (OFDM + preamble): 51 symbols
  Delta_t: 3072 samples
WARNING: L1D calculated with 17 bytes. Adjusting to the minimum of 25 bytes in accordance with ATSC 3.0 standard
Frame 1 L1-Basic: time_offset=0 (25 bytes)
WARNING: L1D calculated with 17 bytes. Adjusting to the minimum of 25 bytes in accordance with ATSC 3.0 standard
Frame 2 L1-Basic: time_offset=3072 (25 bytes)
WARNING: L1D calculated with 17 bytes. Adjusting to the minimum of 25 bytes in accordance with ATSC 3.0 standard
Frame 3 L1-Basic: time_offset=6144 (25 bytes)
WARNING: L1D calculated with 17 bytes. Adjusting to the minimum of 25 bytes in accordance with ATSC 3.0 standard
Frame 4 L1-Basic: time_offset=2304 (25 bytes)
WARNING: L1D calculated with 17 bytes. Adjusting to the minimum of 25 bytes in accordance with ATSC 3.0 standard
Frame 5 L1-Basic: time_offset=5376 (25 bytes)
WARNING: L1D calculated with 17 bytes. Adjusting to the minimum of 25 bytes in accordance with ATSC 3.0 standard
Frame 6 L1-Basic: time_offset=1536 (25 bytes)
WARNING: L1D calculated with 17 bytes. Adjusting to the minimum of 25 bytes in accordance with ATSC 3.0 standard
Frame 7 L1-Basic: time_offset=4608 (25 bytes)
WARNING: L1D calculated with 17 bytes. Adjusting to the minimum of 25 bytes in accordance with ATSC 3.0 standard
Frame 8 L1-Basic: time_offset=768 (25 bytes)
WARNING: L1D calculated with 17 bytes. Adjusting to the minimum of 25 bytes in accordance with ATSC 3.0 standard
Frame 9 L1-Basic: time_offset=3840 (25 bytes)
WARNING: L1D calculated with 17 bytes. Adjusting to the minimum of 25 bytes in accordance with ATSC 3.0 standard
Frame 10 L1-Basic: time_offset=0 (25 bytes)

Saved L1-Basic multi-frame binary file: config/basic.bin
Total frames: 10
Total size: 2000 bits (250 bytes)
Saved hexadecimal multi-frame L1-Basic: config/basic.hex
L1D Regression: bytes=25, FEC_mode=0 -> total_cells=2787
Frame 1 L1-Detail:
  [DEBUG] plp_size=632933 c_block=32400 delta_fbs=15067 frame_idx=0 subframe=0 plp=0
  Subframe 0 PLP 0 fec_block_start = 0
L1D Regression: bytes=25, FEC_mode=0 -> total_cells=2787
Frame 2 L1-Detail:
  [DEBUG] plp_size=632933 c_block=32400 delta_fbs=15067 frame_idx=1 subframe=0 plp=0
  Subframe 0 PLP 0 fec_block_start = 15067
L1D Regression: bytes=25, FEC_mode=0 -> total_cells=2787
Frame 3 L1-Detail:
  [DEBUG] plp_size=632933 c_block=32400 delta_fbs=15067 frame_idx=2 subframe=0 plp=0
  Subframe 0 PLP 0 fec_block_start = 30134
L1D Regression: bytes=25, FEC_mode=0 -> total_cells=2787
Frame 4 L1-Detail:
  [DEBUG] plp_size=632933 c_block=32400 delta_fbs=15067 frame_idx=3 subframe=0 plp=0
  Subframe 0 PLP 0 fec_block_start = 12801
L1D Regression: bytes=25, FEC_mode=0 -> total_cells=2787
Frame 5 L1-Detail:
  [DEBUG] plp_size=632933 c_block=32400 delta_fbs=15067 frame_idx=4 subframe=0 plp=0
  Subframe 0 PLP 0 fec_block_start = 27868
L1D Regression: bytes=25, FEC_mode=0 -> total_cells=2787
Frame 6 L1-Detail:
  [DEBUG] plp_size=632933 c_block=32400 delta_fbs=15067 frame_idx=5 subframe=0 plp=0
  Subframe 0 PLP 0 fec_block_start = 10535
L1D Regression: bytes=25, FEC_mode=0 -> total_cells=2787
Frame 7 L1-Detail:
  [DEBUG] plp_size=632933 c_block=32400 delta_fbs=15067 frame_idx=6 subframe=0 plp=0
  Subframe 0 PLP 0 fec_block_start = 25602
L1D Regression: bytes=25, FEC_mode=0 -> total_cells=2787
Frame 8 L1-Detail:
  [DEBUG] plp_size=632933 c_block=32400 delta_fbs=15067 frame_idx=7 subframe=0 plp=0
  Subframe 0 PLP 0 fec_block_start = 8269
L1D Regression: bytes=25, FEC_mode=0 -> total_cells=2787
Frame 9 L1-Detail:
  [DEBUG] plp_size=632933 c_block=32400 delta_fbs=15067 frame_idx=8 subframe=0 plp=0
  Subframe 0 PLP 0 fec_block_start = 23336
L1D Regression: bytes=25, FEC_mode=0 -> total_cells=2787
Frame 10 L1-Detail:
  [DEBUG] plp_size=632933 c_block=32400 delta_fbs=15067 frame_idx=9 subframe=0 plp=0
  Subframe 0 PLP 0 fec_block_start = 6003

L1-Detail multi-frame binary file saved: config/detail.bin
Total frames: 10
Total size: 2000 bits (250 bytes)
Saved hexadecimal multi-frame L1-Detail: config/detail.hex

=== Running L1 Interpreter ===
  Frames to interpret: 10
--- L1 Basic --- 

L1B_version → Version 0
L1B_mimo_scattered_pilot_encoding → Walsh-Hadamard pilots or no MIMO subframes
L1B_lls_flag → No LLS signaling in the current frame
L1B_time_info_flag → Time information is not included in the current frame
L1B_return_channel_flag → DRC is not supported in the current frame of the current frequency band and current broadcast network
L1B_papr_reduction → No PAPR reduction used
L1B_frame_length_mode → The current frame is symbol-aligned with no excess sample distribution
L1B_time_offset → 0
L1B_additional_samples → 0
L1B_num_subframes → 1
L1B_preamble_num_symbols → 1
L1B_preamble_reduced_carriers ↓ 
 Number of Carriers: 
  8K FFT: 6913
  16K FFT: 13825
  32K FFT: 27649
 Occupied Bandwidth: 
  bsr_coefficient = 2: 5.832844
  bsr_coefficient = 5: 6.804984
  bsr_coefficient = 8: 7.777125
L1B_L1_Detail_content_tag → 0
L1B_L1_Detail_size_bytes → 25 bytes (200 bits)
L1B_L1_Detail_fec_type → Mode 1
L1B_L1_Detail_additional_parity_mode → K = 0
L1B_L1_Detail_total_cells → 0
L1B_first_sub_mimo → MIMO is not used
L1B_first_sub_miso → No MISO
L1B_first_sub_fft_size → 16K
L1B_first_sub_reduced_carriers → 0
L1B_first_sub_guard_interval → GI5_1024
L1B_first_sub_num_ofdm_symbols → 50
L1B_first_sub_scattered_pilot_pattern → SP6_2
L1B_first_sub_scattered_pilot_boost(power) → 0.00 dB
L1B_first_sub_scattered_pilot_boost(amplitude) → 1.000
L1B_first_sub_sbs_first → The first symbol of the first subframe of the current frame is not a subframe boundary symbol
L1B_first_sub_sbs_last → The last symbol of the first subframe of the current frame is not a subframe boundary symbol
L1B_first_sub_mimo_mixed → PLPs using and not using MIMO are multiplexed within the subframe
L1B_reserved → 140737488355327
L1B_crc → 1306292407
L1D_version → Version 0
L1D_num_rf → 0
L1D_frequency_interleaver → The frequency interleaver is bypassed and not used
L1D_num_plp → 1
 L1D_plp_id → 0
 	L1D_plp_lls_flag → The current PLP does not carry LLS information
 	L1D_plp_layer → Core Layer
 	L1D_plp_start → 0
 	L1D_plp_size → 632933
 	L1D_plp_scrambler_type → The value specifying the PRBS scramber type with polynomial [1 0 0 1 1 1 0 0 0 1 1 0 0 1 0 1] and initial state 0xF180, as defined in the applicable standard (e.g., DVB-S2X, DVB-T2).
 	L1D_plp_fec_type → BCH + 64K LDPC
 	L1D_plp_mod → QPSK
 	L1D_plp_cod → 9/15
 	L1D_plp_TI_mode → No time interleaving mode (neither CTI nor HTI)
 	L1D_plp_fec_block_start → 0
 	L1D_plp_type → PLP is non-dispersed
L1D_reserved → 0xffffffffffffffff1 (hexadecimal), 65 bits
L1D_crc → 43419322

[Verification] L1D size correct: 200 bits
Data saved at 'config/log/Frame_1.log' with success!
--- L1 Basic --- 

L1B_version → Version 0
L1B_mimo_scattered_pilot_encoding → Walsh-Hadamard pilots or no MIMO subframes
L1B_lls_flag → No LLS signaling in the current frame
L1B_time_info_flag → Time information is not included in the current frame
L1B_return_channel_flag → DRC is not supported in the current frame of the current frequency band and current broadcast network
L1B_papr_reduction → No PAPR reduction used
L1B_frame_length_mode → The current frame is symbol-aligned with no excess sample distribution
L1B_time_offset → 3072
L1B_additional_samples → 0
L1B_num_subframes → 1
L1B_preamble_num_symbols → 1
L1B_preamble_reduced_carriers ↓ 
 Number of Carriers: 
  8K FFT: 6913
  16K FFT: 13825
  32K FFT: 27649
 Occupied Bandwidth: 
  bsr_coefficient = 2: 5.832844
  bsr_coefficient = 5: 6.804984
  bsr_coefficient = 8: 7.777125
L1B_L1_Detail_content_tag → 0
L1B_L1_Detail_size_bytes → 25 bytes (200 bits)
L1B_L1_Detail_fec_type → Mode 1
L1B_L1_Detail_additional_parity_mode → K = 0
L1B_L1_Detail_total_cells → 0
L1B_first_sub_mimo → MIMO is not used
L1B_first_sub_miso → No MISO
L1B_first_sub_fft_size → 16K
L1B_first_sub_reduced_carriers → 0
L1B_first_sub_guard_interval → GI5_1024
L1B_first_sub_num_ofdm_symbols → 50
L1B_first_sub_scattered_pilot_pattern → SP6_2
L1B_first_sub_scattered_pilot_boost(power) → 0.00 dB
L1B_first_sub_scattered_pilot_boost(amplitude) → 1.000
L1B_first_sub_sbs_first → The first symbol of the first subframe of the current frame is not a subframe boundary symbol
L1B_first_sub_sbs_last → The last symbol of the first subframe of the current frame is not a subframe boundary symbol
L1B_first_sub_mimo_mixed → PLPs using and not using MIMO are multiplexed within the subframe
L1B_reserved → 140737488355327
L1B_crc → 1764616817
L1D_version → Version 0
L1D_num_rf → 0
L1D_frequency_interleaver → The frequency interleaver is bypassed and not used
L1D_num_plp → 1
 L1D_plp_id → 0
 	L1D_plp_lls_flag → The current PLP does not carry LLS information
 	L1D_plp_layer → Core Layer
 	L1D_plp_start → 0
 	L1D_plp_size → 632933
 	L1D_plp_scrambler_type → The value specifying the PRBS scramber type with polynomial [1 0 0 1 1 1 0 0 0 1 1 0 0 1 0 1] and initial state 0xF180, as defined in the applicable standard (e.g., DVB-S2X, DVB-T2).
 	L1D_plp_fec_type → BCH + 64K LDPC
 	L1D_plp_mod → QPSK
 	L1D_plp_cod → 9/15
 	L1D_plp_TI_mode → No time interleaving mode (neither CTI nor HTI)
 	L1D_plp_fec_block_start → 15067
 	L1D_plp_type → PLP is non-dispersed
L1D_reserved → 0xffffffffffffffff1 (hexadecimal), 65 bits
L1D_crc → 3060388254

[Verification] L1D size correct: 200 bits
Data saved at 'config/log/Frame_2.log' with success!
--- L1 Basic --- 

L1B_version → Version 0
L1B_mimo_scattered_pilot_encoding → Walsh-Hadamard pilots or no MIMO subframes
L1B_lls_flag → No LLS signaling in the current frame
L1B_time_info_flag → Time information is not included in the current frame
L1B_return_channel_flag → DRC is not supported in the current frame of the current frequency band and current broadcast network
L1B_papr_reduction → No PAPR reduction used
L1B_frame_length_mode → The current frame is symbol-aligned with no excess sample distribution
L1B_time_offset → 6144
L1B_additional_samples → 0
L1B_num_subframes → 1
L1B_preamble_num_symbols → 1
L1B_preamble_reduced_carriers ↓ 
 Number of Carriers: 
  8K FFT: 6913
  16K FFT: 13825
  32K FFT: 27649
 Occupied Bandwidth: 
  bsr_coefficient = 2: 5.832844
  bsr_coefficient = 5: 6.804984
  bsr_coefficient = 8: 7.777125
L1B_L1_Detail_content_tag → 0
L1B_L1_Detail_size_bytes → 25 bytes (200 bits)
L1B_L1_Detail_fec_type → Mode 1
L1B_L1_Detail_additional_parity_mode → K = 0
L1B_L1_Detail_total_cells → 0
L1B_first_sub_mimo → MIMO is not used
L1B_first_sub_miso → No MISO
L1B_first_sub_fft_size → 16K
L1B_first_sub_reduced_carriers → 0
L1B_first_sub_guard_interval → GI5_1024
L1B_first_sub_num_ofdm_symbols → 50
L1B_first_sub_scattered_pilot_pattern → SP6_2
L1B_first_sub_scattered_pilot_boost(power) → 0.00 dB
L1B_first_sub_scattered_pilot_boost(amplitude) → 1.000
L1B_first_sub_sbs_first → The first symbol of the first subframe of the current frame is not a subframe boundary symbol
L1B_first_sub_sbs_last → The last symbol of the first subframe of the current frame is not a subframe boundary symbol
L1B_first_sub_mimo_mixed → PLPs using and not using MIMO are multiplexed within the subframe
L1B_reserved → 140737488355327
L1B_crc → 71255355
L1D_version → Version 0
L1D_num_rf → 0
L1D_frequency_interleaver → The frequency interleaver is bypassed and not used
L1D_num_plp → 1
 L1D_plp_id → 0
 	L1D_plp_lls_flag → The current PLP does not carry LLS information
 	L1D_plp_layer → Core Layer
 	L1D_plp_start → 0
 	L1D_plp_size → 632933
 	L1D_plp_scrambler_type → The value specifying the PRBS scramber type with polynomial [1 0 0 1 1 1 0 0 0 1 1 0 0 1 0 1] and initial state 0xF180, as defined in the applicable standard (e.g., DVB-S2X, DVB-T2).
 	L1D_plp_fec_type → BCH + 64K LDPC
 	L1D_plp_mod → QPSK
 	L1D_plp_cod → 9/15
 	L1D_plp_TI_mode → No time interleaving mode (neither CTI nor HTI)
 	L1D_plp_fec_block_start → 30134
 	L1D_plp_type → PLP is non-dispersed
L1D_reserved → 0xffffffffffffffff1 (hexadecimal), 65 bits
L1D_crc → 1799954675

[Verification] L1D size correct: 200 bits
Data saved at 'config/log/Frame_3.log' with success!
--- L1 Basic --- 

L1B_version → Version 0
L1B_mimo_scattered_pilot_encoding → Walsh-Hadamard pilots or no MIMO subframes
L1B_lls_flag → No LLS signaling in the current frame
L1B_time_info_flag → Time information is not included in the current frame
L1B_return_channel_flag → DRC is not supported in the current frame of the current frequency band and current broadcast network
L1B_papr_reduction → No PAPR reduction used
L1B_frame_length_mode → The current frame is symbol-aligned with no excess sample distribution
L1B_time_offset → 2304
L1B_additional_samples → 0
L1B_num_subframes → 1
L1B_preamble_num_symbols → 1
L1B_preamble_reduced_carriers ↓ 
 Number of Carriers: 
  8K FFT: 6913
  16K FFT: 13825
  32K FFT: 27649
 Occupied Bandwidth: 
  bsr_coefficient = 2: 5.832844
  bsr_coefficient = 5: 6.804984
  bsr_coefficient = 8: 7.777125
L1B_L1_Detail_content_tag → 0
L1B_L1_Detail_size_bytes → 25 bytes (200 bits)
L1B_L1_Detail_fec_type → Mode 1
L1B_L1_Detail_additional_parity_mode → K = 0
L1B_L1_Detail_total_cells → 0
L1B_first_sub_mimo → MIMO is not used
L1B_first_sub_miso → No MISO
L1B_first_sub_fft_size → 16K
L1B_first_sub_reduced_carriers → 0
L1B_first_sub_guard_interval → GI5_1024
L1B_first_sub_num_ofdm_symbols → 50
L1B_first_sub_scattered_pilot_pattern → SP6_2
L1B_first_sub_scattered_pilot_boost(power) → 0.00 dB
L1B_first_sub_scattered_pilot_boost(amplitude) → 1.000
L1B_first_sub_sbs_first → The first symbol of the first subframe of the current frame is not a subframe boundary symbol
L1B_first_sub_sbs_last → The last symbol of the first subframe of the current frame is not a subframe boundary symbol
L1B_first_sub_mimo_mixed → PLPs using and not using MIMO are multiplexed within the subframe
L1B_reserved → 140737488355327
L1B_crc → 4068066723
L1D_version → Version 0
L1D_num_rf → 0
L1D_frequency_interleaver → The frequency interleaver is bypassed and not used
L1D_num_plp → 1
 L1D_plp_id → 0
 	L1D_plp_lls_flag → The current PLP does not carry LLS information
 	L1D_plp_layer → Core Layer
 	L1D_plp_start → 0
 	L1D_plp_size → 632933
 	L1D_plp_scrambler_type → The value specifying the PRBS scramber type with polynomial [1 0 0 1 1 1 0 0 0 1 1 0 0 1 0 1] and initial state 0xF180, as defined in the applicable standard (e.g., DVB-S2X, DVB-T2).
 	L1D_plp_fec_type → BCH + 64K LDPC
 	L1D_plp_mod → QPSK
 	L1D_plp_cod → 9/15
 	L1D_plp_TI_mode → No time interleaving mode (neither CTI nor HTI)
 	L1D_plp_fec_block_start → 12801
 	L1D_plp_type → PLP is non-dispersed
L1D_reserved → 0xffffffffffffffff1 (hexadecimal), 65 bits
L1D_crc → 2113784257

[Verification] L1D size correct: 200 bits
Data saved at 'config/log/Frame_4.log' with success!
--- L1 Basic --- 

L1B_version → Version 0
L1B_mimo_scattered_pilot_encoding → Walsh-Hadamard pilots or no MIMO subframes
L1B_lls_flag → No LLS signaling in the current frame
L1B_time_info_flag → Time information is not included in the current frame
L1B_return_channel_flag → DRC is not supported in the current frame of the current frequency band and current broadcast network
L1B_papr_reduction → No PAPR reduction used
L1B_frame_length_mode → The current frame is symbol-aligned with no excess sample distribution
L1B_time_offset → 5376
L1B_additional_samples → 0
L1B_num_subframes → 1
L1B_preamble_num_symbols → 1
L1B_preamble_reduced_carriers ↓ 
 Number of Carriers: 
  8K FFT: 6913
  16K FFT: 13825
  32K FFT: 27649
 Occupied Bandwidth: 
  bsr_coefficient = 2: 5.832844
  bsr_coefficient = 5: 6.804984
  bsr_coefficient = 8: 7.777125
L1B_L1_Detail_content_tag → 0
L1B_L1_Detail_size_bytes → 25 bytes (200 bits)
L1B_L1_Detail_fec_type → Mode 1
L1B_L1_Detail_additional_parity_mode → K = 0
L1B_L1_Detail_total_cells → 0
L1B_first_sub_mimo → MIMO is not used
L1B_first_sub_miso → No MISO
L1B_first_sub_fft_size → 16K
L1B_first_sub_reduced_carriers → 0
L1B_first_sub_guard_interval → GI5_1024
L1B_first_sub_num_ofdm_symbols → 50
L1B_first_sub_scattered_pilot_pattern → SP6_2
L1B_first_sub_scattered_pilot_boost(power) → 0.00 dB
L1B_first_sub_scattered_pilot_boost(amplitude) → 1.000
L1B_first_sub_sbs_first → The first symbol of the first subframe of the current frame is not a subframe boundary symbol
L1B_first_sub_sbs_last → The last symbol of the first subframe of the current frame is not a subframe boundary symbol
L1B_first_sub_mimo_mixed → PLPs using and not using MIMO are multiplexed within the subframe
L1B_reserved → 140737488355327
L1B_crc → 1479180690
L1D_version → Version 0
L1D_num_rf → 0
L1D_frequency_interleaver → The frequency interleaver is bypassed and not used
L1D_num_plp → 1
 L1D_plp_id → 0
 	L1D_plp_lls_flag → The current PLP does not carry LLS information
 	L1D_plp_layer → Core Layer
 	L1D_plp_start → 0
 	L1D_plp_size → 632933
 	L1D_plp_scrambler_type → The value specifying the PRBS scramber type with polynomial [1 0 0 1 1 1 0 0 0 1 1 0 0 1 0 1] and initial state 0xF180, as defined in the applicable standard (e.g., DVB-S2X, DVB-T2).
 	L1D_plp_fec_type → BCH + 64K LDPC
 	L1D_plp_mod → QPSK
 	L1D_plp_cod → 9/15
 	L1D_plp_TI_mode → No time interleaving mode (neither CTI nor HTI)
 	L1D_plp_fec_block_start → 27868
 	L1D_plp_type → PLP is non-dispersed
L1D_reserved → 0xffffffffffffffff1 (hexadecimal), 65 bits
L1D_crc → 860980527

[Verification] L1D size correct: 200 bits
Data saved at 'config/log/Frame_5.log' with success!
--- L1 Basic --- 

L1B_version → Version 0
L1B_mimo_scattered_pilot_encoding → Walsh-Hadamard pilots or no MIMO subframes
L1B_lls_flag → No LLS signaling in the current frame
L1B_time_info_flag → Time information is not included in the current frame
L1B_return_channel_flag → DRC is not supported in the current frame of the current frequency band and current broadcast network
L1B_papr_reduction → No PAPR reduction used
L1B_frame_length_mode → The current frame is symbol-aligned with no excess sample distribution
L1B_time_offset → 1536
L1B_additional_samples → 0
L1B_num_subframes → 1
L1B_preamble_num_symbols → 1
L1B_preamble_reduced_carriers ↓ 
 Number of Carriers: 
  8K FFT: 6913
  16K FFT: 13825
  32K FFT: 27649
 Occupied Bandwidth: 
  bsr_coefficient = 2: 5.832844
  bsr_coefficient = 5: 6.804984
  bsr_coefficient = 8: 7.777125
L1B_L1_Detail_content_tag → 0
L1B_L1_Detail_size_bytes → 25 bytes (200 bits)
L1B_L1_Detail_fec_type → Mode 1
L1B_L1_Detail_additional_parity_mode → K = 0
L1B_L1_Detail_total_cells → 0
L1B_first_sub_mimo → MIMO is not used
L1B_first_sub_miso → No MISO
L1B_first_sub_fft_size → 16K
L1B_first_sub_reduced_carriers → 0
L1B_first_sub_guard_interval → GI5_1024
L1B_first_sub_num_ofdm_symbols → 50
L1B_first_sub_scattered_pilot_pattern → SP6_2
L1B_first_sub_scattered_pilot_boost(power) → 0.00 dB
L1B_first_sub_scattered_pilot_boost(amplitude) → 1.000
L1B_first_sub_sbs_first → The first symbol of the first subframe of the current frame is not a subframe boundary symbol
L1B_first_sub_sbs_last → The last symbol of the first subframe of the current frame is not a subframe boundary symbol
L1B_first_sub_mimo_mixed → PLPs using and not using MIMO are multiplexed within the subframe
L1B_reserved → 140737488355327
L1B_crc → 1604632020
L1D_version → Version 0
L1D_num_rf → 0
L1D_frequency_interleaver → The frequency interleaver is bypassed and not used
L1D_num_plp → 1
 L1D_plp_id → 0
 	L1D_plp_lls_flag → The current PLP does not carry LLS information
 	L1D_plp_layer → Core Layer
 	L1D_plp_start → 0
 	L1D_plp_size → 632933
 	L1D_plp_scrambler_type → The value specifying the PRBS scramber type with polynomial [1 0 0 1 1 1 0 0 0 1 1 0 0 1 0 1] and initial state 0xF180, as defined in the applicable standard (e.g., DVB-S2X, DVB-T2).
 	L1D_plp_fec_type → BCH + 64K LDPC
 	L1D_plp_mod → QPSK
 	L1D_plp_cod → 9/15
 	L1D_plp_TI_mode → No time interleaving mode (neither CTI nor HTI)
 	L1D_plp_fec_block_start → 10535
 	L1D_plp_type → PLP is non-dispersed
L1D_reserved → 0xffffffffffffffff1 (hexadecimal), 65 bits
L1D_crc → 582172315

[Verification] L1D size correct: 200 bits
Data saved at 'config/log/Frame_6.log' with success!
--- L1 Basic --- 

L1B_version → Version 0
L1B_mimo_scattered_pilot_encoding → Walsh-Hadamard pilots or no MIMO subframes
L1B_lls_flag → No LLS signaling in the current frame
L1B_time_info_flag → Time information is not included in the current frame
L1B_return_channel_flag → DRC is not supported in the current frame of the current frequency band and current broadcast network
L1B_papr_reduction → No PAPR reduction used
L1B_frame_length_mode → The current frame is symbol-aligned with no excess sample distribution
L1B_time_offset → 4608
L1B_additional_samples → 0
L1B_num_subframes → 1
L1B_preamble_num_symbols → 1
L1B_preamble_reduced_carriers ↓ 
 Number of Carriers: 
  8K FFT: 6913
  16K FFT: 13825
  32K FFT: 27649
 Occupied Bandwidth: 
  bsr_coefficient = 2: 5.832844
  bsr_coefficient = 5: 6.804984
  bsr_coefficient = 8: 7.777125
L1B_L1_Detail_content_tag → 0
L1B_L1_Detail_size_bytes → 25 bytes (200 bits)
L1B_L1_Detail_fec_type → Mode 1
L1B_L1_Detail_additional_parity_mode → K = 0
L1B_L1_Detail_total_cells → 0
L1B_first_sub_mimo → MIMO is not used
L1B_first_sub_miso → No MISO
L1B_first_sub_fft_size → 16K
L1B_first_sub_reduced_carriers → 0
L1B_first_sub_guard_interval → GI5_1024
L1B_first_sub_num_ofdm_symbols → 50
L1B_first_sub_scattered_pilot_pattern → SP6_2
L1B_first_sub_scattered_pilot_boost(power) → 0.00 dB
L1B_first_sub_scattered_pilot_boost(amplitude) → 1.000
L1B_first_sub_sbs_first → The first symbol of the first subframe of the current frame is not a subframe boundary symbol
L1B_first_sub_sbs_last → The last symbol of the first subframe of the current frame is not a subframe boundary symbol
L1B_first_sub_mimo_mixed → PLPs using and not using MIMO are multiplexed within the subframe
L1B_reserved → 140737488355327
L1B_crc → 850793118
L1D_version → Version 0
L1D_num_rf → 0
L1D_frequency_interleaver → The frequency interleaver is bypassed and not used
L1D_num_plp → 1
 L1D_plp_id → 0
 	L1D_plp_lls_flag → The current PLP does not carry LLS information
 	L1D_plp_layer → Core Layer
 	L1D_plp_start → 0
 	L1D_plp_size → 632933
 	L1D_plp_scrambler_type → The value specifying the PRBS scramber type with polynomial [1 0 0 1 1 1 0 0 0 1 1 0 0 1 0 1] and initial state 0xF180, as defined in the applicable standard (e.g., DVB-S2X, DVB-T2).
 	L1D_plp_fec_type → BCH + 64K LDPC
 	L1D_plp_mod → QPSK
 	L1D_plp_cod → 9/15
 	L1D_plp_TI_mode → No time interleaving mode (neither CTI nor HTI)
 	L1D_plp_fec_block_start → 25602
 	L1D_plp_type → PLP is non-dispersed
L1D_reserved → 0xffffffffffffffff1 (hexadecimal), 65 bits
L1D_crc → 4232058956

[Verification] L1D size correct: 200 bits
Data saved at 'config/log/Frame_7.log' with success!
--- L1 Basic --- 

L1B_version → Version 0
L1B_mimo_scattered_pilot_encoding → Walsh-Hadamard pilots or no MIMO subframes
L1B_lls_flag → No LLS signaling in the current frame
L1B_time_info_flag → Time information is not included in the current frame
L1B_return_channel_flag → DRC is not supported in the current frame of the current frequency band and current broadcast network
L1B_papr_reduction → No PAPR reduction used
L1B_frame_length_mode → The current frame is symbol-aligned with no excess sample distribution
L1B_time_offset → 768
L1B_additional_samples → 0
L1B_num_subframes → 1
L1B_preamble_num_symbols → 1
L1B_preamble_reduced_carriers ↓ 
 Number of Carriers: 
  8K FFT: 6913
  16K FFT: 13825
  32K FFT: 27649
 Occupied Bandwidth: 
  bsr_coefficient = 2: 5.832844
  bsr_coefficient = 5: 6.804984
  bsr_coefficient = 8: 7.777125
L1B_L1_Detail_content_tag → 0
L1B_L1_Detail_size_bytes → 25 bytes (200 bits)
L1B_L1_Detail_fec_type → Mode 1
L1B_L1_Detail_additional_parity_mode → K = 0
L1B_L1_Detail_total_cells → 0
L1B_first_sub_mimo → MIMO is not used
L1B_first_sub_miso → No MISO
L1B_first_sub_fft_size → 16K
L1B_first_sub_reduced_carriers → 0
L1B_first_sub_guard_interval → GI5_1024
L1B_first_sub_num_ofdm_symbols → 50
L1B_first_sub_scattered_pilot_pattern → SP6_2
L1B_first_sub_scattered_pilot_boost(power) → 0.00 dB
L1B_first_sub_scattered_pilot_boost(amplitude) → 1.000
L1B_first_sub_sbs_first → The first symbol of the first subframe of the current frame is not a subframe boundary symbol
L1B_first_sub_sbs_last → The last symbol of the first subframe of the current frame is not a subframe boundary symbol
L1B_first_sub_mimo_mixed → PLPs using and not using MIMO are multiplexed within the subframe
L1B_reserved → 140737488355327
L1B_crc → 3304100358
L1D_version → Version 0
L1D_num_rf → 0
L1D_frequency_interleaver → The frequency interleaver is bypassed and not used
L1D_num_plp → 1
 L1D_plp_id → 0
 	L1D_plp_lls_flag → The current PLP does not carry LLS information
 	L1D_plp_layer → Core Layer
 	L1D_plp_start → 0
 	L1D_plp_size → 632933
 	L1D_plp_scrambler_type → The value specifying the PRBS scramber type with polynomial [1 0 0 1 1 1 0 0 0 1 1 0 0 1 0 1] and initial state 0xF180, as defined in the applicable standard (e.g., DVB-S2X, DVB-T2).
 	L1D_plp_fec_type → BCH + 64K LDPC
 	L1D_plp_mod → QPSK
 	L1D_plp_cod → 9/15
 	L1D_plp_TI_mode → No time interleaving mode (neither CTI nor HTI)
 	L1D_plp_fec_block_start → 8269
 	L1D_plp_type → PLP is non-dispersed
L1D_reserved → 0xffffffffffffffff1 (hexadecimal), 65 bits
L1D_crc → 1861090133

[Verification] L1D size correct: 200 bits
Data saved at 'config/log/Frame_8.log' with success!
--- L1 Basic --- 

L1B_version → Version 0
L1B_mimo_scattered_pilot_encoding → Walsh-Hadamard pilots or no MIMO subframes
L1B_lls_flag → No LLS signaling in the current frame
L1B_time_info_flag → Time information is not included in the current frame
L1B_return_channel_flag → DRC is not supported in the current frame of the current frequency band and current broadcast network
L1B_papr_reduction → No PAPR reduction used
L1B_frame_length_mode → The current frame is symbol-aligned with no excess sample distribution
L1B_time_offset → 3840
L1B_additional_samples → 0
L1B_num_subframes → 1
L1B_preamble_num_symbols → 1
L1B_preamble_reduced_carriers ↓ 
 Number of Carriers: 
  8K FFT: 6913
  16K FFT: 13825
  32K FFT: 27649
 Occupied Bandwidth: 
  bsr_coefficient = 2: 5.832844
  bsr_coefficient = 5: 6.804984
  bsr_coefficient = 8: 7.777125
L1B_L1_Detail_content_tag → 0
L1B_L1_Detail_size_bytes → 25 bytes (200 bits)
L1B_L1_Detail_fec_type → Mode 1
L1B_L1_Detail_additional_parity_mode → K = 0
L1B_L1_Detail_total_cells → 0
L1B_first_sub_mimo → MIMO is not used
L1B_first_sub_miso → No MISO
L1B_first_sub_fft_size → 16K
L1B_first_sub_reduced_carriers → 0
L1B_first_sub_guard_interval → GI5_1024
L1B_first_sub_num_ofdm_symbols → 50
L1B_first_sub_scattered_pilot_pattern → SP6_2
L1B_first_sub_scattered_pilot_boost(power) → 0.00 dB
L1B_first_sub_scattered_pilot_boost(amplitude) → 1.000
L1B_first_sub_sbs_first → The first symbol of the first subframe of the current frame is not a subframe boundary symbol
L1B_first_sub_sbs_last → The last symbol of the first subframe of the current frame is not a subframe boundary symbol
L1B_first_sub_mimo_mixed → PLPs using and not using MIMO are multiplexed within the subframe
L1B_reserved → 140737488355327
L1B_crc → 3758164160
L1D_version → Version 0
L1D_num_rf → 0
L1D_frequency_interleaver → The frequency interleaver is bypassed and not used
L1D_num_plp → 1
 L1D_plp_id → 0
 	L1D_plp_lls_flag → The current PLP does not carry LLS information
 	L1D_plp_layer → Core Layer
 	L1D_plp_start → 0
 	L1D_plp_size → 632933
 	L1D_plp_scrambler_type → The value specifying the PRBS scramber type with polynomial [1 0 0 1 1 1 0 0 0 1 1 0 0 1 0 1] and initial state 0xF180, as defined in the applicable standard (e.g., DVB-S2X, DVB-T2).
 	L1D_plp_fec_type → BCH + 64K LDPC
 	L1D_plp_mod → QPSK
 	L1D_plp_cod → 9/15
 	L1D_plp_TI_mode → No time interleaving mode (neither CTI nor HTI)
 	L1D_plp_fec_block_start → 23336
 	L1D_plp_type → PLP is non-dispersed
L1D_reserved → 0xffffffffffffffff1 (hexadecimal), 65 bits
L1D_crc → 51231858

[Verification] L1D size correct: 200 bits
Data saved at 'config/log/Frame_9.log' with success!
--- L1 Basic --- 

L1B_version → Version 0
L1B_mimo_scattered_pilot_encoding → Walsh-Hadamard pilots or no MIMO subframes
L1B_lls_flag → No LLS signaling in the current frame
L1B_time_info_flag → Time information is not included in the current frame
L1B_return_channel_flag → DRC is not supported in the current frame of the current frequency band and current broadcast network
L1B_papr_reduction → No PAPR reduction used
L1B_frame_length_mode → The current frame is symbol-aligned with no excess sample distribution
L1B_time_offset → 0
L1B_additional_samples → 0
L1B_num_subframes → 1
L1B_preamble_num_symbols → 1
L1B_preamble_reduced_carriers ↓ 
 Number of Carriers: 
  8K FFT: 6913
  16K FFT: 13825
  32K FFT: 27649
 Occupied Bandwidth: 
  bsr_coefficient = 2: 5.832844
  bsr_coefficient = 5: 6.804984
  bsr_coefficient = 8: 7.777125
L1B_L1_Detail_content_tag → 0
L1B_L1_Detail_size_bytes → 25 bytes (200 bits)
L1B_L1_Detail_fec_type → Mode 1
L1B_L1_Detail_additional_parity_mode → K = 0
L1B_L1_Detail_total_cells → 0
L1B_first_sub_mimo → MIMO is not used
L1B_first_sub_miso → No MISO
L1B_first_sub_fft_size → 16K
L1B_first_sub_reduced_carriers → 0
L1B_first_sub_guard_interval → GI5_1024
L1B_first_sub_num_ofdm_symbols → 50
L1B_first_sub_scattered_pilot_pattern → SP6_2
L1B_first_sub_scattered_pilot_boost(power) → 0.00 dB
L1B_first_sub_scattered_pilot_boost(amplitude) → 1.000
L1B_first_sub_sbs_first → The first symbol of the first subframe of the current frame is not a subframe boundary symbol
L1B_first_sub_sbs_last → The last symbol of the first subframe of the current frame is not a subframe boundary symbol
L1B_first_sub_mimo_mixed → PLPs using and not using MIMO are multiplexed within the subframe
L1B_reserved → 140737488355327
L1B_crc → 1306292407
L1D_version → Version 0
L1D_num_rf → 0
L1D_frequency_interleaver → The frequency interleaver is bypassed and not used
L1D_num_plp → 1
 L1D_plp_id → 0
 	L1D_plp_lls_flag → The current PLP does not carry LLS information
 	L1D_plp_layer → Core Layer
 	L1D_plp_start → 0
 	L1D_plp_size → 632933
 	L1D_plp_scrambler_type → The value specifying the PRBS scramber type with polynomial [1 0 0 1 1 1 0 0 0 1 1 0 0 1 0 1] and initial state 0xF180, as defined in the applicable standard (e.g., DVB-S2X, DVB-T2).
 	L1D_plp_fec_type → BCH + 64K LDPC
 	L1D_plp_mod → QPSK
 	L1D_plp_cod → 9/15
 	L1D_plp_TI_mode → No time interleaving mode (neither CTI nor HTI)
 	L1D_plp_fec_block_start → 6003
 	L1D_plp_type → PLP is non-dispersed
L1D_reserved → 0xffffffffffffffff1 (hexadecimal), 65 bits
L1D_crc → 2366701230

[Verification] L1D size correct: 200 bits
Data saved at 'config/log/Frame_10.log' with success!
  Interpreter done: 10 frames processed
  Logs saved to: config/log/
==============================

=== Frame Duration (Symbol-Aligned) ===
  Fs = 6.912e+06 Hz, Ts = 1.44676e-07 s
  Bootstrap: 5 symbols, 12288 samples @ 6.144 MHz, T_BS = 2 ms
  Preamble: 1 symbols, T_symbol = 2.51852 ms
  Subframe 0: 50 OFDM symbols, T_symbol = 2.51852 ms, subtotal = 125.926 ms
  Additional samples: 0
  Total duration = 130.444 ms
Saved frame duration: config/log/frame_duration.txt
JSON flag: computeResultsData
JSON flag: setConfig
Full configuration saved in: config/config.conf
=== Time Offset Parameters ===
  FFT size: 16384 samples
  Guard interval: 1024 samples
  T_symbol: 17408 samples
  N_total (OFDM + preamble): 51 symbols
  Delta_t: 3072 samples
WARNING: L1D calculated with 17 bytes. Adjusting to the minimum of 25 bytes in accordance with ATSC 3.0 standard
Frame 1 L1-Basic: time_offset=0 (25 bytes)
WARNING: L1D calculated with 17 bytes. Adjusting to the minimum of 25 bytes in accordance with ATSC 3.0 standard
Frame 2 L1-Basic: time_offset=3072 (25 bytes)
WARNING: L1D calculated with 17 bytes. Adjusting to the minimum of 25 bytes in accordance with ATSC 3.0 standard
Frame 3 L1-Basic: time_offset=6144 (25 bytes)
WARNING: L1D calculated with 17 bytes. Adjusting to the minimum of 25 bytes in accordance with ATSC 3.0 standard
Frame 4 L1-Basic: time_offset=2304 (25 bytes)
WARNING: L1D calculated with 17 bytes. Adjusting to the minimum of 25 bytes in accordance with ATSC 3.0 standard
Frame 5 L1-Basic: time_offset=5376 (25 bytes)
WARNING: L1D calculated with 17 bytes. Adjusting to the minimum of 25 bytes in accordance with ATSC 3.0 standard
Frame 6 L1-Basic: time_offset=1536 (25 bytes)
WARNING: L1D calculated with 17 bytes. Adjusting to the minimum of 25 bytes in accordance with ATSC 3.0 standard
Frame 7 L1-Basic: time_offset=4608 (25 bytes)
WARNING: L1D calculated with 17 bytes. Adjusting to the minimum of 25 bytes in accordance with ATSC 3.0 standard
Frame 8 L1-Basic: time_offset=768 (25 bytes)
WARNING: L1D calculated with 17 bytes. Adjusting to the minimum of 25 bytes in accordance with ATSC 3.0 standard
Frame 9 L1-Basic: time_offset=3840 (25 bytes)
WARNING: L1D calculated with 17 bytes. Adjusting to the minimum of 25 bytes in accordance with ATSC 3.0 standard
Frame 10 L1-Basic: time_offset=0 (25 bytes)

Saved L1-Basic multi-frame binary file: config/basic.bin
Total frames: 10
Total size: 2000 bits (250 bytes)
Saved hexadecimal multi-frame L1-Basic: config/basic.hex
L1D Regression: bytes=25, FEC_mode=0 -> total_cells=2787
Frame 1 L1-Detail:
  [DEBUG] plp_size=632933 c_block=32400 delta_fbs=15067 frame_idx=0 subframe=0 plp=0
  Subframe 0 PLP 0 fec_block_start = 0
L1D Regression: bytes=25, FEC_mode=0 -> total_cells=2787
Frame 2 L1-Detail:
  [DEBUG] plp_size=632933 c_block=32400 delta_fbs=15067 frame_idx=1 subframe=0 plp=0
  Subframe 0 PLP 0 fec_block_start = 15067
L1D Regression: bytes=25, FEC_mode=0 -> total_cells=2787
Frame 3 L1-Detail:
  [DEBUG] plp_size=632933 c_block=32400 delta_fbs=15067 frame_idx=2 subframe=0 plp=0
  Subframe 0 PLP 0 fec_block_start = 30134
L1D Regression: bytes=25, FEC_mode=0 -> total_cells=2787
Frame 4 L1-Detail:
  [DEBUG] plp_size=632933 c_block=32400 delta_fbs=15067 frame_idx=3 subframe=0 plp=0
  Subframe 0 PLP 0 fec_block_start = 12801
L1D Regression: bytes=25, FEC_mode=0 -> total_cells=2787
Frame 5 L1-Detail:
  [DEBUG] plp_size=632933 c_block=32400 delta_fbs=15067 frame_idx=4 subframe=0 plp=0
  Subframe 0 PLP 0 fec_block_start = 27868
L1D Regression: bytes=25, FEC_mode=0 -> total_cells=2787
Frame 6 L1-Detail:
  [DEBUG] plp_size=632933 c_block=32400 delta_fbs=15067 frame_idx=5 subframe=0 plp=0
  Subframe 0 PLP 0 fec_block_start = 10535
L1D Regression: bytes=25, FEC_mode=0 -> total_cells=2787
Frame 7 L1-Detail:
  [DEBUG] plp_size=632933 c_block=32400 delta_fbs=15067 frame_idx=6 subframe=0 plp=0
  Subframe 0 PLP 0 fec_block_start = 25602
L1D Regression: bytes=25, FEC_mode=0 -> total_cells=2787
Frame 8 L1-Detail:
  [DEBUG] plp_size=632933 c_block=32400 delta_fbs=15067 frame_idx=7 subframe=0 plp=0
  Subframe 0 PLP 0 fec_block_start = 8269
L1D Regression: bytes=25, FEC_mode=0 -> total_cells=2787
Frame 9 L1-Detail:
  [DEBUG] plp_size=632933 c_block=32400 delta_fbs=15067 frame_idx=8 subframe=0 plp=0
  Subframe 0 PLP 0 fec_block_start = 23336
L1D Regression: bytes=25, FEC_mode=0 -> total_cells=2787
Frame 10 L1-Detail:
  [DEBUG] plp_size=632933 c_block=32400 delta_fbs=15067 frame_idx=9 subframe=0 plp=0
  Subframe 0 PLP 0 fec_block_start = 6003

L1-Detail multi-frame binary file saved: config/detail.bin
Total frames: 10
Total size: 2000 bits (250 bytes)
Saved hexadecimal multi-frame L1-Detail: config/detail.hex

=== Running L1 Interpreter ===
  Frames to interpret: 10
--- L1 Basic --- 

L1B_version → Version 0
L1B_mimo_scattered_pilot_encoding → Walsh-Hadamard pilots or no MIMO subframes
L1B_lls_flag → No LLS signaling in the current frame
L1B_time_info_flag → Time information is not included in the current frame
L1B_return_channel_flag → DRC is not supported in the current frame of the current frequency band and current broadcast network
L1B_papr_reduction → No PAPR reduction used
L1B_frame_length_mode → The current frame is symbol-aligned with no excess sample distribution
L1B_time_offset → 0
L1B_additional_samples → 0
L1B_num_subframes → 1
L1B_preamble_num_symbols → 1
L1B_preamble_reduced_carriers ↓ 
 Number of Carriers: 
  8K FFT: 6913
  16K FFT: 13825
  32K FFT: 27649
 Occupied Bandwidth: 
  bsr_coefficient = 2: 5.832844
  bsr_coefficient = 5: 6.804984
  bsr_coefficient = 8: 7.777125
L1B_L1_Detail_content_tag → 0
L1B_L1_Detail_size_bytes → 25 bytes (200 bits)
L1B_L1_Detail_fec_type → Mode 1
L1B_L1_Detail_additional_parity_mode → K = 0
L1B_L1_Detail_total_cells → 0
L1B_first_sub_mimo → MIMO is not used
L1B_first_sub_miso → No MISO
L1B_first_sub_fft_size → 16K
L1B_first_sub_reduced_carriers → 0
L1B_first_sub_guard_interval → GI5_1024
L1B_first_sub_num_ofdm_symbols → 50
L1B_first_sub_scattered_pilot_pattern → SP6_2
L1B_first_sub_scattered_pilot_boost(power) → 0.00 dB
L1B_first_sub_scattered_pilot_boost(amplitude) → 1.000
L1B_first_sub_sbs_first → The first symbol of the first subframe of the current frame is not a subframe boundary symbol
L1B_first_sub_sbs_last → The last symbol of the first subframe of the current frame is not a subframe boundary symbol
L1B_first_sub_mimo_mixed → PLPs using and not using MIMO are multiplexed within the subframe
L1B_reserved → 140737488355327
L1B_crc → 1306292407
L1D_version → Version 0
L1D_num_rf → 0
L1D_frequency_interleaver → The frequency interleaver is bypassed and not used
L1D_num_plp → 1
 L1D_plp_id → 0
 	L1D_plp_lls_flag → The current PLP does not carry LLS information
 	L1D_plp_layer → Core Layer
 	L1D_plp_start → 0
 	L1D_plp_size → 632933
 	L1D_plp_scrambler_type → The value specifying the PRBS scramber type with polynomial [1 0 0 1 1 1 0 0 0 1 1 0 0 1 0 1] and initial state 0xF180, as defined in the applicable standard (e.g., DVB-S2X, DVB-T2).
 	L1D_plp_fec_type → BCH + 64K LDPC
 	L1D_plp_mod → QPSK
 	L1D_plp_cod → 9/15
 	L1D_plp_TI_mode → No time interleaving mode (neither CTI nor HTI)
 	L1D_plp_fec_block_start → 0
 	L1D_plp_type → PLP is non-dispersed
L1D_reserved → 0xffffffffffffffff1 (hexadecimal), 65 bits
L1D_crc → 43419322

[Verification] L1D size correct: 200 bits
Data saved at 'config/log/Frame_1.log' with success!
--- L1 Basic --- 

L1B_version → Version 0
L1B_mimo_scattered_pilot_encoding → Walsh-Hadamard pilots or no MIMO subframes
L1B_lls_flag → No LLS signaling in the current frame
L1B_time_info_flag → Time information is not included in the current frame
L1B_return_channel_flag → DRC is not supported in the current frame of the current frequency band and current broadcast network
L1B_papr_reduction → No PAPR reduction used
L1B_frame_length_mode → The current frame is symbol-aligned with no excess sample distribution
L1B_time_offset → 3072
L1B_additional_samples → 0
L1B_num_subframes → 1
L1B_preamble_num_symbols → 1
L1B_preamble_reduced_carriers ↓ 
 Number of Carriers: 
  8K FFT: 6913
  16K FFT: 13825
  32K FFT: 27649
 Occupied Bandwidth: 
  bsr_coefficient = 2: 5.832844
  bsr_coefficient = 5: 6.804984
  bsr_coefficient = 8: 7.777125
L1B_L1_Detail_content_tag → 0
L1B_L1_Detail_size_bytes → 25 bytes (200 bits)
L1B_L1_Detail_fec_type → Mode 1
L1B_L1_Detail_additional_parity_mode → K = 0
L1B_L1_Detail_total_cells → 0
L1B_first_sub_mimo → MIMO is not used
L1B_first_sub_miso → No MISO
L1B_first_sub_fft_size → 16K
L1B_first_sub_reduced_carriers → 0
L1B_first_sub_guard_interval → GI5_1024
L1B_first_sub_num_ofdm_symbols → 50
L1B_first_sub_scattered_pilot_pattern → SP6_2
L1B_first_sub_scattered_pilot_boost(power) → 0.00 dB
L1B_first_sub_scattered_pilot_boost(amplitude) → 1.000
L1B_first_sub_sbs_first → The first symbol of the first subframe of the current frame is not a subframe boundary symbol
L1B_first_sub_sbs_last → The last symbol of the first subframe of the current frame is not a subframe boundary symbol
L1B_first_sub_mimo_mixed → PLPs using and not using MIMO are multiplexed within the subframe
L1B_reserved → 140737488355327
L1B_crc → 1764616817
L1D_version → Version 0
L1D_num_rf → 0
L1D_frequency_interleaver → The frequency interleaver is bypassed and not used
L1D_num_plp → 1
 L1D_plp_id → 0
 	L1D_plp_lls_flag → The current PLP does not carry LLS information
 	L1D_plp_layer → Core Layer
 	L1D_plp_start → 0
 	L1D_plp_size → 632933
 	L1D_plp_scrambler_type → The value specifying the PRBS scramber type with polynomial [1 0 0 1 1 1 0 0 0 1 1 0 0 1 0 1] and initial state 0xF180, as defined in the applicable standard (e.g., DVB-S2X, DVB-T2).
 	L1D_plp_fec_type → BCH + 64K LDPC
 	L1D_plp_mod → QPSK
 	L1D_plp_cod → 9/15
 	L1D_plp_TI_mode → No time interleaving mode (neither CTI nor HTI)
 	L1D_plp_fec_block_start → 15067
 	L1D_plp_type → PLP is non-dispersed
L1D_reserved → 0xffffffffffffffff1 (hexadecimal), 65 bits
L1D_crc → 3060388254

[Verification] L1D size correct: 200 bits
Data saved at 'config/log/Frame_2.log' with success!
--- L1 Basic --- 

L1B_version → Version 0
L1B_mimo_scattered_pilot_encoding → Walsh-Hadamard pilots or no MIMO subframes
L1B_lls_flag → No LLS signaling in the current frame
L1B_time_info_flag → Time information is not included in the current frame
L1B_return_channel_flag → DRC is not supported in the current frame of the current frequency band and current broadcast network
L1B_papr_reduction → No PAPR reduction used
L1B_frame_length_mode → The current frame is symbol-aligned with no excess sample distribution
L1B_time_offset → 6144
L1B_additional_samples → 0
L1B_num_subframes → 1
L1B_preamble_num_symbols → 1
L1B_preamble_reduced_carriers ↓ 
 Number of Carriers: 
  8K FFT: 6913
  16K FFT: 13825
  32K FFT: 27649
 Occupied Bandwidth: 
  bsr_coefficient = 2: 5.832844
  bsr_coefficient = 5: 6.804984
  bsr_coefficient = 8: 7.777125
L1B_L1_Detail_content_tag → 0
L1B_L1_Detail_size_bytes → 25 bytes (200 bits)
L1B_L1_Detail_fec_type → Mode 1
L1B_L1_Detail_additional_parity_mode → K = 0
L1B_L1_Detail_total_cells → 0
L1B_first_sub_mimo → MIMO is not used
L1B_first_sub_miso → No MISO
L1B_first_sub_fft_size → 16K
L1B_first_sub_reduced_carriers → 0
L1B_first_sub_guard_interval → GI5_1024
L1B_first_sub_num_ofdm_symbols → 50
L1B_first_sub_scattered_pilot_pattern → SP6_2
L1B_first_sub_scattered_pilot_boost(power) → 0.00 dB
L1B_first_sub_scattered_pilot_boost(amplitude) → 1.000
L1B_first_sub_sbs_first → The first symbol of the first subframe of the current frame is not a subframe boundary symbol
L1B_first_sub_sbs_last → The last symbol of the first subframe of the current frame is not a subframe boundary symbol
L1B_first_sub_mimo_mixed → PLPs using and not using MIMO are multiplexed within the subframe
L1B_reserved → 140737488355327
L1B_crc → 71255355
L1D_version → Version 0
L1D_num_rf → 0
L1D_frequency_interleaver → The frequency interleaver is bypassed and not used
L1D_num_plp → 1
 L1D_plp_id → 0
 	L1D_plp_lls_flag → The current PLP does not carry LLS information
 	L1D_plp_layer → Core Layer
 	L1D_plp_start → 0
 	L1D_plp_size → 632933
 	L1D_plp_scrambler_type → The value specifying the PRBS scramber type with polynomial [1 0 0 1 1 1 0 0 0 1 1 0 0 1 0 1] and initial state 0xF180, as defined in the applicable standard (e.g., DVB-S2X, DVB-T2).
 	L1D_plp_fec_type → BCH + 64K LDPC
 	L1D_plp_mod → QPSK
 	L1D_plp_cod → 9/15
 	L1D_plp_TI_mode → No time interleaving mode (neither CTI nor HTI)
 	L1D_plp_fec_block_start → 30134
 	L1D_plp_type → PLP is non-dispersed
L1D_reserved → 0xffffffffffffffff1 (hexadecimal), 65 bits
L1D_crc → 1799954675

[Verification] L1D size correct: 200 bits
Data saved at 'config/log/Frame_3.log' with success!
--- L1 Basic --- 

L1B_version → Version 0
L1B_mimo_scattered_pilot_encoding → Walsh-Hadamard pilots or no MIMO subframes
L1B_lls_flag → No LLS signaling in the current frame
L1B_time_info_flag → Time information is not included in the current frame
L1B_return_channel_flag → DRC is not supported in the current frame of the current frequency band and current broadcast network
L1B_papr_reduction → No PAPR reduction used
L1B_frame_length_mode → The current frame is symbol-aligned with no excess sample distribution
L1B_time_offset → 2304
L1B_additional_samples → 0
L1B_num_subframes → 1
L1B_preamble_num_symbols → 1
L1B_preamble_reduced_carriers ↓ 
 Number of Carriers: 
  8K FFT: 6913
  16K FFT: 13825
  32K FFT: 27649
 Occupied Bandwidth: 
  bsr_coefficient = 2: 5.832844
  bsr_coefficient = 5: 6.804984
  bsr_coefficient = 8: 7.777125
L1B_L1_Detail_content_tag → 0
L1B_L1_Detail_size_bytes → 25 bytes (200 bits)
L1B_L1_Detail_fec_type → Mode 1
L1B_L1_Detail_additional_parity_mode → K = 0
L1B_L1_Detail_total_cells → 0
L1B_first_sub_mimo → MIMO is not used
L1B_first_sub_miso → No MISO
L1B_first_sub_fft_size → 16K
L1B_first_sub_reduced_carriers → 0
L1B_first_sub_guard_interval → GI5_1024
L1B_first_sub_num_ofdm_symbols → 50
L1B_first_sub_scattered_pilot_pattern → SP6_2
L1B_first_sub_scattered_pilot_boost(power) → 0.00 dB
L1B_first_sub_scattered_pilot_boost(amplitude) → 1.000
L1B_first_sub_sbs_first → The first symbol of the first subframe of the current frame is not a subframe boundary symbol
L1B_first_sub_sbs_last → The last symbol of the first subframe of the current frame is not a subframe boundary symbol
L1B_first_sub_mimo_mixed → PLPs using and not using MIMO are multiplexed within the subframe
L1B_reserved → 140737488355327
L1B_crc → 4068066723
L1D_version → Version 0
L1D_num_rf → 0
L1D_frequency_interleaver → The frequency interleaver is bypassed and not used
L1D_num_plp → 1
 L1D_plp_id → 0
 	L1D_plp_lls_flag → The current PLP does not carry LLS information
 	L1D_plp_layer → Core Layer
 	L1D_plp_start → 0
 	L1D_plp_size → 632933
 	L1D_plp_scrambler_type → The value specifying the PRBS scramber type with polynomial [1 0 0 1 1 1 0 0 0 1 1 0 0 1 0 1] and initial state 0xF180, as defined in the applicable standard (e.g., DVB-S2X, DVB-T2).
 	L1D_plp_fec_type → BCH + 64K LDPC
 	L1D_plp_mod → QPSK
 	L1D_plp_cod → 9/15
 	L1D_plp_TI_mode → No time interleaving mode (neither CTI nor HTI)
 	L1D_plp_fec_block_start → 12801
 	L1D_plp_type → PLP is non-dispersed
L1D_reserved → 0xffffffffffffffff1 (hexadecimal), 65 bits
L1D_crc → 2113784257

[Verification] L1D size correct: 200 bits
Data saved at 'config/log/Frame_4.log' with success!
--- L1 Basic --- 

L1B_version → Version 0
L1B_mimo_scattered_pilot_encoding → Walsh-Hadamard pilots or no MIMO subframes
L1B_lls_flag → No LLS signaling in the current frame
L1B_time_info_flag → Time information is not included in the current frame
L1B_return_channel_flag → DRC is not supported in the current frame of the current frequency band and current broadcast network
L1B_papr_reduction → No PAPR reduction used
L1B_frame_length_mode → The current frame is symbol-aligned with no excess sample distribution
L1B_time_offset → 5376
L1B_additional_samples → 0
L1B_num_subframes → 1
L1B_preamble_num_symbols → 1
L1B_preamble_reduced_carriers ↓ 
 Number of Carriers: 
  8K FFT: 6913
  16K FFT: 13825
  32K FFT: 27649
 Occupied Bandwidth: 
  bsr_coefficient = 2: 5.832844
  bsr_coefficient = 5: 6.804984
  bsr_coefficient = 8: 7.777125
L1B_L1_Detail_content_tag → 0
L1B_L1_Detail_size_bytes → 25 bytes (200 bits)
L1B_L1_Detail_fec_type → Mode 1
L1B_L1_Detail_additional_parity_mode → K = 0
L1B_L1_Detail_total_cells → 0
L1B_first_sub_mimo → MIMO is not used
L1B_first_sub_miso → No MISO
L1B_first_sub_fft_size → 16K
L1B_first_sub_reduced_carriers → 0
L1B_first_sub_guard_interval → GI5_1024
L1B_first_sub_num_ofdm_symbols → 50
L1B_first_sub_scattered_pilot_pattern → SP6_2
L1B_first_sub_scattered_pilot_boost(power) → 0.00 dB
L1B_first_sub_scattered_pilot_boost(amplitude) → 1.000
L1B_first_sub_sbs_first → The first symbol of the first subframe of the current frame is not a subframe boundary symbol
L1B_first_sub_sbs_last → The last symbol of the first subframe of the current frame is not a subframe boundary symbol
L1B_first_sub_mimo_mixed → PLPs using and not using MIMO are multiplexed within the subframe
L1B_reserved → 140737488355327
L1B_crc → 1479180690
L1D_version → Version 0
L1D_num_rf → 0
L1D_frequency_interleaver → The frequency interleaver is bypassed and not used
L1D_num_plp → 1
 L1D_plp_id → 0
 	L1D_plp_lls_flag → The current PLP does not carry LLS information
 	L1D_plp_layer → Core Layer
 	L1D_plp_start → 0
 	L1D_plp_size → 632933
 	L1D_plp_scrambler_type → The value specifying the PRBS scramber type with polynomial [1 0 0 1 1 1 0 0 0 1 1 0 0 1 0 1] and initial state 0xF180, as defined in the applicable standard (e.g., DVB-S2X, DVB-T2).
 	L1D_plp_fec_type → BCH + 64K LDPC
 	L1D_plp_mod → QPSK
 	L1D_plp_cod → 9/15
 	L1D_plp_TI_mode → No time interleaving mode (neither CTI nor HTI)
 	L1D_plp_fec_block_start → 27868
 	L1D_plp_type → PLP is non-dispersed
L1D_reserved → 0xffffffffffffffff1 (hexadecimal), 65 bits
L1D_crc → 860980527

[Verification] L1D size correct: 200 bits
Data saved at 'config/log/Frame_5.log' with success!
--- L1 Basic --- 

L1B_version → Version 0
L1B_mimo_scattered_pilot_encoding → Walsh-Hadamard pilots or no MIMO subframes
L1B_lls_flag → No LLS signaling in the current frame
L1B_time_info_flag → Time information is not included in the current frame
L1B_return_channel_flag → DRC is not supported in the current frame of the current frequency band and current broadcast network
L1B_papr_reduction → No PAPR reduction used
L1B_frame_length_mode → The current frame is symbol-aligned with no excess sample distribution
L1B_time_offset → 1536
L1B_additional_samples → 0
L1B_num_subframes → 1
L1B_preamble_num_symbols → 1
L1B_preamble_reduced_carriers ↓ 
 Number of Carriers: 
  8K FFT: 6913
  16K FFT: 13825
  32K FFT: 27649
 Occupied Bandwidth: 
  bsr_coefficient = 2: 5.832844
  bsr_coefficient = 5: 6.804984
  bsr_coefficient = 8: 7.777125
L1B_L1_Detail_content_tag → 0
L1B_L1_Detail_size_bytes → 25 bytes (200 bits)
L1B_L1_Detail_fec_type → Mode 1
L1B_L1_Detail_additional_parity_mode → K = 0
L1B_L1_Detail_total_cells → 0
L1B_first_sub_mimo → MIMO is not used
L1B_first_sub_miso → No MISO
L1B_first_sub_fft_size → 16K
L1B_first_sub_reduced_carriers → 0
L1B_first_sub_guard_interval → GI5_1024
L1B_first_sub_num_ofdm_symbols → 50
L1B_first_sub_scattered_pilot_pattern → SP6_2
L1B_first_sub_scattered_pilot_boost(power) → 0.00 dB
L1B_first_sub_scattered_pilot_boost(amplitude) → 1.000
L1B_first_sub_sbs_first → The first symbol of the first subframe of the current frame is not a subframe boundary symbol
L1B_first_sub_sbs_last → The last symbol of the first subframe of the current frame is not a subframe boundary symbol
L1B_first_sub_mimo_mixed → PLPs using and not using MIMO are multiplexed within the subframe
L1B_reserved → 140737488355327
L1B_crc → 1604632020
L1D_version → Version 0
L1D_num_rf → 0
L1D_frequency_interleaver → The frequency interleaver is bypassed and not used
L1D_num_plp → 1
 L1D_plp_id → 0
 	L1D_plp_lls_flag → The current PLP does not carry LLS information
 	L1D_plp_layer → Core Layer
 	L1D_plp_start → 0
 	L1D_plp_size → 632933
 	L1D_plp_scrambler_type → The value specifying the PRBS scramber type with polynomial [1 0 0 1 1 1 0 0 0 1 1 0 0 1 0 1] and initial state 0xF180, as defined in the applicable standard (e.g., DVB-S2X, DVB-T2).
 	L1D_plp_fec_type → BCH + 64K LDPC
 	L1D_plp_mod → QPSK
 	L1D_plp_cod → 9/15
 	L1D_plp_TI_mode → No time interleaving mode (neither CTI nor HTI)
 	L1D_plp_fec_block_start → 10535
 	L1D_plp_type → PLP is non-dispersed
L1D_reserved → 0xffffffffffffffff1 (hexadecimal), 65 bits
L1D_crc → 582172315

[Verification] L1D size correct: 200 bits
Data saved at 'config/log/Frame_6.log' with success!
--- L1 Basic --- 

L1B_version → Version 0
L1B_mimo_scattered_pilot_encoding → Walsh-Hadamard pilots or no MIMO subframes
L1B_lls_flag → No LLS signaling in the current frame
L1B_time_info_flag → Time information is not included in the current frame
L1B_return_channel_flag → DRC is not supported in the current frame of the current frequency band and current broadcast network
L1B_papr_reduction → No PAPR reduction used
L1B_frame_length_mode → The current frame is symbol-aligned with no excess sample distribution
L1B_time_offset → 4608
L1B_additional_samples → 0
L1B_num_subframes → 1
L1B_preamble_num_symbols → 1
L1B_preamble_reduced_carriers ↓ 
 Number of Carriers: 
  8K FFT: 6913
  16K FFT: 13825
  32K FFT: 27649
 Occupied Bandwidth: 
  bsr_coefficient = 2: 5.832844
  bsr_coefficient = 5: 6.804984
  bsr_coefficient = 8: 7.777125
L1B_L1_Detail_content_tag → 0
L1B_L1_Detail_size_bytes → 25 bytes (200 bits)
L1B_L1_Detail_fec_type → Mode 1
L1B_L1_Detail_additional_parity_mode → K = 0
L1B_L1_Detail_total_cells → 0
L1B_first_sub_mimo → MIMO is not used
L1B_first_sub_miso → No MISO
L1B_first_sub_fft_size → 16K
L1B_first_sub_reduced_carriers → 0
L1B_first_sub_guard_interval → GI5_1024
L1B_first_sub_num_ofdm_symbols → 50
L1B_first_sub_scattered_pilot_pattern → SP6_2
L1B_first_sub_scattered_pilot_boost(power) → 0.00 dB
L1B_first_sub_scattered_pilot_boost(amplitude) → 1.000
L1B_first_sub_sbs_first → The first symbol of the first subframe of the current frame is not a subframe boundary symbol
L1B_first_sub_sbs_last → The last symbol of the first subframe of the current frame is not a subframe boundary symbol
L1B_first_sub_mimo_mixed → PLPs using and not using MIMO are multiplexed within the subframe
L1B_reserved → 140737488355327
L1B_crc → 850793118
L1D_version → Version 0
L1D_num_rf → 0
L1D_frequency_interleaver → The frequency interleaver is bypassed and not used
L1D_num_plp → 1
 L1D_plp_id → 0
 	L1D_plp_lls_flag → The current PLP does not carry LLS information
 	L1D_plp_layer → Core Layer
 	L1D_plp_start → 0
 	L1D_plp_size → 632933
 	L1D_plp_scrambler_type → The value specifying the PRBS scramber type with polynomial [1 0 0 1 1 1 0 0 0 1 1 0 0 1 0 1] and initial state 0xF180, as defined in the applicable standard (e.g., DVB-S2X, DVB-T2).
 	L1D_plp_fec_type → BCH + 64K LDPC
 	L1D_plp_mod → QPSK
 	L1D_plp_cod → 9/15
 	L1D_plp_TI_mode → No time interleaving mode (neither CTI nor HTI)
 	L1D_plp_fec_block_start → 25602
 	L1D_plp_type → PLP is non-dispersed
L1D_reserved → 0xffffffffffffffff1 (hexadecimal), 65 bits
L1D_crc → 4232058956

[Verification] L1D size correct: 200 bits
Data saved at 'config/log/Frame_7.log' with success!
--- L1 Basic --- 

L1B_version → Version 0
L1B_mimo_scattered_pilot_encoding → Walsh-Hadamard pilots or no MIMO subframes
L1B_lls_flag → No LLS signaling in the current frame
L1B_time_info_flag → Time information is not included in the current frame
L1B_return_channel_flag → DRC is not supported in the current frame of the current frequency band and current broadcast network
L1B_papr_reduction → No PAPR reduction used
L1B_frame_length_mode → The current frame is symbol-aligned with no excess sample distribution
L1B_time_offset → 768
L1B_additional_samples → 0
L1B_num_subframes → 1
L1B_preamble_num_symbols → 1
L1B_preamble_reduced_carriers ↓ 
 Number of Carriers: 
  8K FFT: 6913
  16K FFT: 13825
  32K FFT: 27649
 Occupied Bandwidth: 
  bsr_coefficient = 2: 5.832844
  bsr_coefficient = 5: 6.804984
  bsr_coefficient = 8: 7.777125
L1B_L1_Detail_content_tag → 0
L1B_L1_Detail_size_bytes → 25 bytes (200 bits)
L1B_L1_Detail_fec_type → Mode 1
L1B_L1_Detail_additional_parity_mode → K = 0
L1B_L1_Detail_total_cells → 0
L1B_first_sub_mimo → MIMO is not used
L1B_first_sub_miso → No MISO
L1B_first_sub_fft_size → 16K
L1B_first_sub_reduced_carriers → 0
L1B_first_sub_guard_interval → GI5_1024
L1B_first_sub_num_ofdm_symbols → 50
L1B_first_sub_scattered_pilot_pattern → SP6_2
L1B_first_sub_scattered_pilot_boost(power) → 0.00 dB
L1B_first_sub_scattered_pilot_boost(amplitude) → 1.000
L1B_first_sub_sbs_first → The first symbol of the first subframe of the current frame is not a subframe boundary symbol
L1B_first_sub_sbs_last → The last symbol of the first subframe of the current frame is not a subframe boundary symbol
L1B_first_sub_mimo_mixed → PLPs using and not using MIMO are multiplexed within the subframe
L1B_reserved → 140737488355327
L1B_crc → 3304100358
L1D_version → Version 0
L1D_num_rf → 0
L1D_frequency_interleaver → The frequency interleaver is bypassed and not used
L1D_num_plp → 1
 L1D_plp_id → 0
 	L1D_plp_lls_flag → The current PLP does not carry LLS information
 	L1D_plp_layer → Core Layer
 	L1D_plp_start → 0
 	L1D_plp_size → 632933
 	L1D_plp_scrambler_type → The value specifying the PRBS scramber type with polynomial [1 0 0 1 1 1 0 0 0 1 1 0 0 1 0 1] and initial state 0xF180, as defined in the applicable standard (e.g., DVB-S2X, DVB-T2).
 	L1D_plp_fec_type → BCH + 64K LDPC
 	L1D_plp_mod → QPSK
 	L1D_plp_cod → 9/15
 	L1D_plp_TI_mode → No time interleaving mode (neither CTI nor HTI)
 	L1D_plp_fec_block_start → 8269
 	L1D_plp_type → PLP is non-dispersed
L1D_reserved → 0xffffffffffffffff1 (hexadecimal), 65 bits
L1D_crc → 1861090133

[Verification] L1D size correct: 200 bits
Data saved at 'config/log/Frame_8.log' with success!
--- L1 Basic --- 

L1B_version → Version 0
L1B_mimo_scattered_pilot_encoding → Walsh-Hadamard pilots or no MIMO subframes
L1B_lls_flag → No LLS signaling in the current frame
L1B_time_info_flag → Time information is not included in the current frame
L1B_return_channel_flag → DRC is not supported in the current frame of the current frequency band and current broadcast network
L1B_papr_reduction → No PAPR reduction used
L1B_frame_length_mode → The current frame is symbol-aligned with no excess sample distribution
L1B_time_offset → 3840
L1B_additional_samples → 0
L1B_num_subframes → 1
L1B_preamble_num_symbols → 1
L1B_preamble_reduced_carriers ↓ 
 Number of Carriers: 
  8K FFT: 6913
  16K FFT: 13825
  32K FFT: 27649
 Occupied Bandwidth: 
  bsr_coefficient = 2: 5.832844
  bsr_coefficient = 5: 6.804984
  bsr_coefficient = 8: 7.777125
L1B_L1_Detail_content_tag → 0
L1B_L1_Detail_size_bytes → 25 bytes (200 bits)
L1B_L1_Detail_fec_type → Mode 1
L1B_L1_Detail_additional_parity_mode → K = 0
L1B_L1_Detail_total_cells → 0
L1B_first_sub_mimo → MIMO is not used
L1B_first_sub_miso → No MISO
L1B_first_sub_fft_size → 16K
L1B_first_sub_reduced_carriers → 0
L1B_first_sub_guard_interval → GI5_1024
L1B_first_sub_num_ofdm_symbols → 50
L1B_first_sub_scattered_pilot_pattern → SP6_2
L1B_first_sub_scattered_pilot_boost(power) → 0.00 dB
L1B_first_sub_scattered_pilot_boost(amplitude) → 1.000
L1B_first_sub_sbs_first → The first symbol of the first subframe of the current frame is not a subframe boundary symbol
L1B_first_sub_sbs_last → The last symbol of the first subframe of the current frame is not a subframe boundary symbol
L1B_first_sub_mimo_mixed → PLPs using and not using MIMO are multiplexed within the subframe
L1B_reserved → 140737488355327
L1B_crc → 3758164160
L1D_version → Version 0
L1D_num_rf → 0
L1D_frequency_interleaver → The frequency interleaver is bypassed and not used
L1D_num_plp → 1
 L1D_plp_id → 0
 	L1D_plp_lls_flag → The current PLP does not carry LLS information
 	L1D_plp_layer → Core Layer
 	L1D_plp_start → 0
 	L1D_plp_size → 632933
 	L1D_plp_scrambler_type → The value specifying the PRBS scramber type with polynomial [1 0 0 1 1 1 0 0 0 1 1 0 0 1 0 1] and initial state 0xF180, as defined in the applicable standard (e.g., DVB-S2X, DVB-T2).
 	L1D_plp_fec_type → BCH + 64K LDPC
 	L1D_plp_mod → QPSK
 	L1D_plp_cod → 9/15
 	L1D_plp_TI_mode → No time interleaving mode (neither CTI nor HTI)
 	L1D_plp_fec_block_start → 23336
 	L1D_plp_type → PLP is non-dispersed
L1D_reserved → 0xffffffffffffffff1 (hexadecimal), 65 bits
L1D_crc → 51231858

[Verification] L1D size correct: 200 bits
Data saved at 'config/log/Frame_9.log' with success!
--- L1 Basic --- 

L1B_version → Version 0
L1B_mimo_scattered_pilot_encoding → Walsh-Hadamard pilots or no MIMO subframes
L1B_lls_flag → No LLS signaling in the current frame
L1B_time_info_flag → Time information is not included in the current frame
L1B_return_channel_flag → DRC is not supported in the current frame of the current frequency band and current broadcast network
L1B_papr_reduction → No PAPR reduction used
L1B_frame_length_mode → The current frame is symbol-aligned with no excess sample distribution
L1B_time_offset → 0
L1B_additional_samples → 0
L1B_num_subframes → 1
L1B_preamble_num_symbols → 1
L1B_preamble_reduced_carriers ↓ 
 Number of Carriers: 
  8K FFT: 6913
  16K FFT: 13825
  32K FFT: 27649
 Occupied Bandwidth: 
  bsr_coefficient = 2: 5.832844
  bsr_coefficient = 5: 6.804984
  bsr_coefficient = 8: 7.777125
L1B_L1_Detail_content_tag → 0
L1B_L1_Detail_size_bytes → 25 bytes (200 bits)
L1B_L1_Detail_fec_type → Mode 1
L1B_L1_Detail_additional_parity_mode → K = 0
L1B_L1_Detail_total_cells → 0
L1B_first_sub_mimo → MIMO is not used
L1B_first_sub_miso → No MISO
L1B_first_sub_fft_size → 16K
L1B_first_sub_reduced_carriers → 0
L1B_first_sub_guard_interval → GI5_1024
L1B_first_sub_num_ofdm_symbols → 50
L1B_first_sub_scattered_pilot_pattern → SP6_2
L1B_first_sub_scattered_pilot_boost(power) → 0.00 dB
L1B_first_sub_scattered_pilot_boost(amplitude) → 1.000
L1B_first_sub_sbs_first → The first symbol of the first subframe of the current frame is not a subframe boundary symbol
L1B_first_sub_sbs_last → The last symbol of the first subframe of the current frame is not a subframe boundary symbol
L1B_first_sub_mimo_mixed → PLPs using and not using MIMO are multiplexed within the subframe
L1B_reserved → 140737488355327
L1B_crc → 1306292407
L1D_version → Version 0
L1D_num_rf → 0
L1D_frequency_interleaver → The frequency interleaver is bypassed and not used
L1D_num_plp → 1
 L1D_plp_id → 0
 	L1D_plp_lls_flag → The current PLP does not carry LLS information
 	L1D_plp_layer → Core Layer
 	L1D_plp_start → 0
 	L1D_plp_size → 632933
 	L1D_plp_scrambler_type → The value specifying the PRBS scramber type with polynomial [1 0 0 1 1 1 0 0 0 1 1 0 0 1 0 1] and initial state 0xF180, as defined in the applicable standard (e.g., DVB-S2X, DVB-T2).
 	L1D_plp_fec_type → BCH + 64K LDPC
 	L1D_plp_mod → QPSK
 	L1D_plp_cod → 9/15
 	L1D_plp_TI_mode → No time interleaving mode (neither CTI nor HTI)
 	L1D_plp_fec_block_start → 6003
 	L1D_plp_type → PLP is non-dispersed
L1D_reserved → 0xffffffffffffffff1 (hexadecimal), 65 bits
L1D_crc → 2366701230

[Verification] L1D size correct: 200 bits
Data saved at 'config/log/Frame_10.log' with success!
  Interpreter done: 10 frames processed
  Logs saved to: config/log/
==============================

=== Frame Duration (Symbol-Aligned) ===
  Fs = 6.912e+06 Hz, Ts = 1.44676e-07 s
  Bootstrap: 5 symbols, 12288 samples @ 6.144 MHz, T_BS = 2 ms
  Preamble: 1 symbols, T_symbol = 2.51852 ms
  Subframe 0: 50 OFDM symbols, T_symbol = 2.51852 ms, subtotal = 125.926 ms
  Additional samples: 0
  Total duration = 130.444 ms
Saved frame duration: config/log/frame_duration.txt
JSON flag: computeResultsData
JSON flag: setConfig
Full configuration saved in: config/config.conf
=== Time Offset Parameters ===
  FFT size: 16384 samples
  Guard interval: 1024 samples
  T_symbol: 17408 samples
  N_total (OFDM + preamble): 51 symbols
  Delta_t: 3072 samples
WARNING: L1D calculated with 17 bytes. Adjusting to the minimum of 25 bytes in accordance with ATSC 3.0 standard
Frame 1 L1-Basic: time_offset=0 (25 bytes)
WARNING: L1D calculated with 17 bytes. Adjusting to the minimum of 25 bytes in accordance with ATSC 3.0 standard
Frame 2 L1-Basic: time_offset=3072 (25 bytes)
WARNING: L1D calculated with 17 bytes. Adjusting to the minimum of 25 bytes in accordance with ATSC 3.0 standard
Frame 3 L1-Basic: time_offset=6144 (25 bytes)
WARNING: L1D calculated with 17 bytes. Adjusting to the minimum of 25 bytes in accordance with ATSC 3.0 standard
Frame 4 L1-Basic: time_offset=2304 (25 bytes)
WARNING: L1D calculated with 17 bytes. Adjusting to the minimum of 25 bytes in accordance with ATSC 3.0 standard
Frame 5 L1-Basic: time_offset=5376 (25 bytes)
WARNING: L1D calculated with 17 bytes. Adjusting to the minimum of 25 bytes in accordance with ATSC 3.0 standard
Frame 6 L1-Basic: time_offset=1536 (25 bytes)
WARNING: L1D calculated with 17 bytes. Adjusting to the minimum of 25 bytes in accordance with ATSC 3.0 standard
Frame 7 L1-Basic: time_offset=4608 (25 bytes)
WARNING: L1D calculated with 17 bytes. Adjusting to the minimum of 25 bytes in accordance with ATSC 3.0 standard
Frame 8 L1-Basic: time_offset=768 (25 bytes)
WARNING: L1D calculated with 17 bytes. Adjusting to the minimum of 25 bytes in accordance with ATSC 3.0 standard
Frame 9 L1-Basic: time_offset=3840 (25 bytes)
WARNING: L1D calculated with 17 bytes. Adjusting to the minimum of 25 bytes in accordance with ATSC 3.0 standard
Frame 10 L1-Basic: time_offset=0 (25 bytes)

Saved L1-Basic multi-frame binary file: config/basic.bin
Total frames: 10
Total size: 2000 bits (250 bytes)
Saved hexadecimal multi-frame L1-Basic: config/basic.hex
L1D Regression: bytes=25, FEC_mode=0 -> total_cells=2787
Frame 1 L1-Detail:
  [DEBUG] plp_size=632933 c_block=32400 delta_fbs=15067 frame_idx=0 subframe=0 plp=0
  Subframe 0 PLP 0 fec_block_start = 0
L1D Regression: bytes=25, FEC_mode=0 -> total_cells=2787
Frame 2 L1-Detail:
  [DEBUG] plp_size=632933 c_block=32400 delta_fbs=15067 frame_idx=1 subframe=0 plp=0
  Subframe 0 PLP 0 fec_block_start = 15067
L1D Regression: bytes=25, FEC_mode=0 -> total_cells=2787
Frame 3 L1-Detail:
  [DEBUG] plp_size=632933 c_block=32400 delta_fbs=15067 frame_idx=2 subframe=0 plp=0
  Subframe 0 PLP 0 fec_block_start = 30134
L1D Regression: bytes=25, FEC_mode=0 -> total_cells=2787
Frame 4 L1-Detail:
  [DEBUG] plp_size=632933 c_block=32400 delta_fbs=15067 frame_idx=3 subframe=0 plp=0
  Subframe 0 PLP 0 fec_block_start = 12801
L1D Regression: bytes=25, FEC_mode=0 -> total_cells=2787
Frame 5 L1-Detail:
  [DEBUG] plp_size=632933 c_block=32400 delta_fbs=15067 frame_idx=4 subframe=0 plp=0
  Subframe 0 PLP 0 fec_block_start = 27868
L1D Regression: bytes=25, FEC_mode=0 -> total_cells=2787
Frame 6 L1-Detail:
  [DEBUG] plp_size=632933 c_block=32400 delta_fbs=15067 frame_idx=5 subframe=0 plp=0
  Subframe 0 PLP 0 fec_block_start = 10535
L1D Regression: bytes=25, FEC_mode=0 -> total_cells=2787
Frame 7 L1-Detail:
  [DEBUG] plp_size=632933 c_block=32400 delta_fbs=15067 frame_idx=6 subframe=0 plp=0
  Subframe 0 PLP 0 fec_block_start = 25602
L1D Regression: bytes=25, FEC_mode=0 -> total_cells=2787
Frame 8 L1-Detail:
  [DEBUG] plp_size=632933 c_block=32400 delta_fbs=15067 frame_idx=7 subframe=0 plp=0
  Subframe 0 PLP 0 fec_block_start = 8269
L1D Regression: bytes=25, FEC_mode=0 -> total_cells=2787
Frame 9 L1-Detail:
  [DEBUG] plp_size=632933 c_block=32400 delta_fbs=15067 frame_idx=8 subframe=0 plp=0
  Subframe 0 PLP 0 fec_block_start = 23336
L1D Regression: bytes=25, FEC_mode=0 -> total_cells=2787
Frame 10 L1-Detail:
  [DEBUG] plp_size=632933 c_block=32400 delta_fbs=15067 frame_idx=9 subframe=0 plp=0
  Subframe 0 PLP 0 fec_block_start = 6003

L1-Detail multi-frame binary file saved: config/detail.bin
Total frames: 10
Total size: 2000 bits (250 bytes)
Saved hexadecimal multi-frame L1-Detail: config/detail.hex

=== Running L1 Interpreter ===
  Frames to interpret: 10
--- L1 Basic --- 

L1B_version → Version 0
L1B_mimo_scattered_pilot_encoding → Walsh-Hadamard pilots or no MIMO subframes
L1B_lls_flag → No LLS signaling in the current frame
L1B_time_info_flag → Time information is not included in the current frame
L1B_return_channel_flag → DRC is not supported in the current frame of the current frequency band and current broadcast network
L1B_papr_reduction → No PAPR reduction used
L1B_frame_length_mode → The current frame is symbol-aligned with no excess sample distribution
L1B_time_offset → 0
L1B_additional_samples → 0
L1B_num_subframes → 1
L1B_preamble_num_symbols → 1
L1B_preamble_reduced_carriers ↓ 
 Number of Carriers: 
  8K FFT: 6913
  16K FFT: 13825
  32K FFT: 27649
 Occupied Bandwidth: 
  bsr_coefficient = 2: 5.832844
  bsr_coefficient = 5: 6.804984
  bsr_coefficient = 8: 7.777125
L1B_L1_Detail_content_tag → 0
L1B_L1_Detail_size_bytes → 25 bytes (200 bits)
L1B_L1_Detail_fec_type → Mode 1
L1B_L1_Detail_additional_parity_mode → K = 0
L1B_L1_Detail_total_cells → 0
L1B_first_sub_mimo → MIMO is not used
L1B_first_sub_miso → No MISO
L1B_first_sub_fft_size → 16K
L1B_first_sub_reduced_carriers → 0
L1B_first_sub_guard_interval → GI5_1024
L1B_first_sub_num_ofdm_symbols → 50
L1B_first_sub_scattered_pilot_pattern → SP6_2
L1B_first_sub_scattered_pilot_boost(power) → 0.00 dB
L1B_first_sub_scattered_pilot_boost(amplitude) → 1.000
L1B_first_sub_sbs_first → The first symbol of the first subframe of the current frame is not a subframe boundary symbol
L1B_first_sub_sbs_last → The last symbol of the first subframe of the current frame is not a subframe boundary symbol
L1B_first_sub_mimo_mixed → PLPs using and not using MIMO are multiplexed within the subframe
L1B_reserved → 140737488355327
L1B_crc → 1306292407
L1D_version → Version 0
L1D_num_rf → 0
L1D_frequency_interleaver → The frequency interleaver is bypassed and not used
L1D_num_plp → 1
 L1D_plp_id → 0
 	L1D_plp_lls_flag → The current PLP does not carry LLS information
 	L1D_plp_layer → Core Layer
 	L1D_plp_start → 0
 	L1D_plp_size → 632933
 	L1D_plp_scrambler_type → The value specifying the PRBS scramber type with polynomial [1 0 0 1 1 1 0 0 0 1 1 0 0 1 0 1] and initial state 0xF180, as defined in the applicable standard (e.g., DVB-S2X, DVB-T2).
 	L1D_plp_fec_type → BCH + 64K LDPC
 	L1D_plp_mod → QPSK
 	L1D_plp_cod → 9/15
 	L1D_plp_TI_mode → No time interleaving mode (neither CTI nor HTI)
 	L1D_plp_fec_block_start → 0
 	L1D_plp_type → PLP is non-dispersed
L1D_reserved → 0xffffffffffffffff1 (hexadecimal), 65 bits
L1D_crc → 43419322

[Verification] L1D size correct: 200 bits
Data saved at 'config/log/Frame_1.log' with success!
--- L1 Basic --- 

L1B_version → Version 0
L1B_mimo_scattered_pilot_encoding → Walsh-Hadamard pilots or no MIMO subframes
L1B_lls_flag → No LLS signaling in the current frame
L1B_time_info_flag → Time information is not included in the current frame
L1B_return_channel_flag → DRC is not supported in the current frame of the current frequency band and current broadcast network
L1B_papr_reduction → No PAPR reduction used
L1B_frame_length_mode → The current frame is symbol-aligned with no excess sample distribution
L1B_time_offset → 3072
L1B_additional_samples → 0
L1B_num_subframes → 1
L1B_preamble_num_symbols → 1
L1B_preamble_reduced_carriers ↓ 
 Number of Carriers: 
  8K FFT: 6913
  16K FFT: 13825
  32K FFT: 27649
 Occupied Bandwidth: 
  bsr_coefficient = 2: 5.832844
  bsr_coefficient = 5: 6.804984
  bsr_coefficient = 8: 7.777125
L1B_L1_Detail_content_tag → 0
L1B_L1_Detail_size_bytes → 25 bytes (200 bits)
L1B_L1_Detail_fec_type → Mode 1
L1B_L1_Detail_additional_parity_mode → K = 0
L1B_L1_Detail_total_cells → 0
L1B_first_sub_mimo → MIMO is not used
L1B_first_sub_miso → No MISO
L1B_first_sub_fft_size → 16K
L1B_first_sub_reduced_carriers → 0
L1B_first_sub_guard_interval → GI5_1024
L1B_first_sub_num_ofdm_symbols → 50
L1B_first_sub_scattered_pilot_pattern → SP6_2
L1B_first_sub_scattered_pilot_boost(power) → 0.00 dB
L1B_first_sub_scattered_pilot_boost(amplitude) → 1.000
L1B_first_sub_sbs_first → The first symbol of the first subframe of the current frame is not a subframe boundary symbol
L1B_first_sub_sbs_last → The last symbol of the first subframe of the current frame is not a subframe boundary symbol
L1B_first_sub_mimo_mixed → PLPs using and not using MIMO are multiplexed within the subframe
L1B_reserved → 140737488355327
L1B_crc → 1764616817
L1D_version → Version 0
L1D_num_rf → 0
L1D_frequency_interleaver → The frequency interleaver is bypassed and not used
L1D_num_plp → 1
 L1D_plp_id → 0
 	L1D_plp_lls_flag → The current PLP does not carry LLS information
 	L1D_plp_layer → Core Layer
 	L1D_plp_start → 0
 	L1D_plp_size → 632933
 	L1D_plp_scrambler_type → The value specifying the PRBS scramber type with polynomial [1 0 0 1 1 1 0 0 0 1 1 0 0 1 0 1] and initial state 0xF180, as defined in the applicable standard (e.g., DVB-S2X, DVB-T2).
 	L1D_plp_fec_type → BCH + 64K LDPC
 	L1D_plp_mod → QPSK
 	L1D_plp_cod → 9/15
 	L1D_plp_TI_mode → No time interleaving mode (neither CTI nor HTI)
 	L1D_plp_fec_block_start → 15067
 	L1D_plp_type → PLP is non-dispersed
L1D_reserved → 0xffffffffffffffff1 (hexadecimal), 65 bits
L1D_crc → 3060388254

[Verification] L1D size correct: 200 bits
Data saved at 'config/log/Frame_2.log' with success!
--- L1 Basic --- 

L1B_version → Version 0
L1B_mimo_scattered_pilot_encoding → Walsh-Hadamard pilots or no MIMO subframes
L1B_lls_flag → No LLS signaling in the current frame
L1B_time_info_flag → Time information is not included in the current frame
L1B_return_channel_flag → DRC is not supported in the current frame of the current frequency band and current broadcast network
L1B_papr_reduction → No PAPR reduction used
L1B_frame_length_mode → The current frame is symbol-aligned with no excess sample distribution
L1B_time_offset → 6144
L1B_additional_samples → 0
L1B_num_subframes → 1
L1B_preamble_num_symbols → 1
L1B_preamble_reduced_carriers ↓ 
 Number of Carriers: 
  8K FFT: 6913
  16K FFT: 13825
  32K FFT: 27649
 Occupied Bandwidth: 
  bsr_coefficient = 2: 5.832844
  bsr_coefficient = 5: 6.804984
  bsr_coefficient = 8: 7.777125
L1B_L1_Detail_content_tag → 0
L1B_L1_Detail_size_bytes → 25 bytes (200 bits)
L1B_L1_Detail_fec_type → Mode 1
L1B_L1_Detail_additional_parity_mode → K = 0
L1B_L1_Detail_total_cells → 0
L1B_first_sub_mimo → MIMO is not used
L1B_first_sub_miso → No MISO
L1B_first_sub_fft_size → 16K
L1B_first_sub_reduced_carriers → 0
L1B_first_sub_guard_interval → GI5_1024
L1B_first_sub_num_ofdm_symbols → 50
L1B_first_sub_scattered_pilot_pattern → SP6_2
L1B_first_sub_scattered_pilot_boost(power) → 0.00 dB
L1B_first_sub_scattered_pilot_boost(amplitude) → 1.000
L1B_first_sub_sbs_first → The first symbol of the first subframe of the current frame is not a subframe boundary symbol
L1B_first_sub_sbs_last → The last symbol of the first subframe of the current frame is not a subframe boundary symbol
L1B_first_sub_mimo_mixed → PLPs using and not using MIMO are multiplexed within the subframe
L1B_reserved → 140737488355327
L1B_crc → 71255355
L1D_version → Version 0
L1D_num_rf → 0
L1D_frequency_interleaver → The frequency interleaver is bypassed and not used
L1D_num_plp → 1
 L1D_plp_id → 0
 	L1D_plp_lls_flag → The current PLP does not carry LLS information
 	L1D_plp_layer → Core Layer
 	L1D_plp_start → 0
 	L1D_plp_size → 632933
 	L1D_plp_scrambler_type → The value specifying the PRBS scramber type with polynomial [1 0 0 1 1 1 0 0 0 1 1 0 0 1 0 1] and initial state 0xF180, as defined in the applicable standard (e.g., DVB-S2X, DVB-T2).
 	L1D_plp_fec_type → BCH + 64K LDPC
 	L1D_plp_mod → QPSK
 	L1D_plp_cod → 9/15
 	L1D_plp_TI_mode → No time interleaving mode (neither CTI nor HTI)
 	L1D_plp_fec_block_start → 30134
 	L1D_plp_type → PLP is non-dispersed
L1D_reserved → 0xffffffffffffffff1 (hexadecimal), 65 bits
L1D_crc → 1799954675

[Verification] L1D size correct: 200 bits
Data saved at 'config/log/Frame_3.log' with success!
--- L1 Basic --- 

L1B_version → Version 0
L1B_mimo_scattered_pilot_encoding → Walsh-Hadamard pilots or no MIMO subframes
L1B_lls_flag → No LLS signaling in the current frame
L1B_time_info_flag → Time information is not included in the current frame
L1B_return_channel_flag → DRC is not supported in the current frame of the current frequency band and current broadcast network
L1B_papr_reduction → No PAPR reduction used
L1B_frame_length_mode → The current frame is symbol-aligned with no excess sample distribution
L1B_time_offset → 2304
L1B_additional_samples → 0
L1B_num_subframes → 1
L1B_preamble_num_symbols → 1
L1B_preamble_reduced_carriers ↓ 
 Number of Carriers: 
  8K FFT: 6913
  16K FFT: 13825
  32K FFT: 27649
 Occupied Bandwidth: 
  bsr_coefficient = 2: 5.832844
  bsr_coefficient = 5: 6.804984
  bsr_coefficient = 8: 7.777125
L1B_L1_Detail_content_tag → 0
L1B_L1_Detail_size_bytes → 25 bytes (200 bits)
L1B_L1_Detail_fec_type → Mode 1
L1B_L1_Detail_additional_parity_mode → K = 0
L1B_L1_Detail_total_cells → 0
L1B_first_sub_mimo → MIMO is not used
L1B_first_sub_miso → No MISO
L1B_first_sub_fft_size → 16K
L1B_first_sub_reduced_carriers → 0
L1B_first_sub_guard_interval → GI5_1024
L1B_first_sub_num_ofdm_symbols → 50
L1B_first_sub_scattered_pilot_pattern → SP6_2
L1B_first_sub_scattered_pilot_boost(power) → 0.00 dB
L1B_first_sub_scattered_pilot_boost(amplitude) → 1.000
L1B_first_sub_sbs_first → The first symbol of the first subframe of the current frame is not a subframe boundary symbol
L1B_first_sub_sbs_last → The last symbol of the first subframe of the current frame is not a subframe boundary symbol
L1B_first_sub_mimo_mixed → PLPs using and not using MIMO are multiplexed within the subframe
L1B_reserved → 140737488355327
L1B_crc → 4068066723
L1D_version → Version 0
L1D_num_rf → 0
L1D_frequency_interleaver → The frequency interleaver is bypassed and not used
L1D_num_plp → 1
 L1D_plp_id → 0
 	L1D_plp_lls_flag → The current PLP does not carry LLS information
 	L1D_plp_layer → Core Layer
 	L1D_plp_start → 0
 	L1D_plp_size → 632933
 	L1D_plp_scrambler_type → The value specifying the PRBS scramber type with polynomial [1 0 0 1 1 1 0 0 0 1 1 0 0 1 0 1] and initial state 0xF180, as defined in the applicable standard (e.g., DVB-S2X, DVB-T2).
 	L1D_plp_fec_type → BCH + 64K LDPC
 	L1D_plp_mod → QPSK
 	L1D_plp_cod → 9/15
 	L1D_plp_TI_mode → No time interleaving mode (neither CTI nor HTI)
 	L1D_plp_fec_block_start → 12801
 	L1D_plp_type → PLP is non-dispersed
L1D_reserved → 0xffffffffffffffff1 (hexadecimal), 65 bits
L1D_crc → 2113784257

[Verification] L1D size correct: 200 bits
Data saved at 'config/log/Frame_4.log' with success!
--- L1 Basic --- 

L1B_version → Version 0
L1B_mimo_scattered_pilot_encoding → Walsh-Hadamard pilots or no MIMO subframes
L1B_lls_flag → No LLS signaling in the current frame
L1B_time_info_flag → Time information is not included in the current frame
L1B_return_channel_flag → DRC is not supported in the current frame of the current frequency band and current broadcast network
L1B_papr_reduction → No PAPR reduction used
L1B_frame_length_mode → The current frame is symbol-aligned with no excess sample distribution
L1B_time_offset → 5376
L1B_additional_samples → 0
L1B_num_subframes → 1
L1B_preamble_num_symbols → 1
L1B_preamble_reduced_carriers ↓ 
 Number of Carriers: 
  8K FFT: 6913
  16K FFT: 13825
  32K FFT: 27649
 Occupied Bandwidth: 
  bsr_coefficient = 2: 5.832844
  bsr_coefficient = 5: 6.804984
  bsr_coefficient = 8: 7.777125
L1B_L1_Detail_content_tag → 0
L1B_L1_Detail_size_bytes → 25 bytes (200 bits)
L1B_L1_Detail_fec_type → Mode 1
L1B_L1_Detail_additional_parity_mode → K = 0
L1B_L1_Detail_total_cells → 0
L1B_first_sub_mimo → MIMO is not used
L1B_first_sub_miso → No MISO
L1B_first_sub_fft_size → 16K
L1B_first_sub_reduced_carriers → 0
L1B_first_sub_guard_interval → GI5_1024
L1B_first_sub_num_ofdm_symbols → 50
L1B_first_sub_scattered_pilot_pattern → SP6_2
L1B_first_sub_scattered_pilot_boost(power) → 0.00 dB
L1B_first_sub_scattered_pilot_boost(amplitude) → 1.000
L1B_first_sub_sbs_first → The first symbol of the first subframe of the current frame is not a subframe boundary symbol
[...]
 	L1D_plp_cod → 9/15
 	L1D_plp_TI_mode → No time interleaving mode (neither CTI nor HTI)
 	L1D_plp_fec_block_start → 30134
 	L1D_plp_type → PLP is non-dispersed
L1D_reserved → 0xffffffffffffffff1 (hexadecimal), 65 bits
L1D_crc → 1799954675

[Verification] L1D size correct: 200 bits
Data saved at 'config/log/Frame_3.log' with success!
--- L1 Basic --- 

L1B_version → Version 0
L1B_mimo_scattered_pilot_encoding → Walsh-Hadamard pilots or no MIMO subframes
L1B_lls_flag → No LLS signaling in the current frame
L1B_time_info_flag → Time information is not included in the current frame
L1B_return_channel_flag → DRC is not supported in the current frame of the current frequency band and current broadcast network
L1B_papr_reduction → No PAPR reduction used
L1B_frame_length_mode → The current frame is symbol-aligned with no excess sample distribution
L1B_time_offset → 2304
L1B_additional_samples → 0
L1B_num_subframes → 1
L1B_preamble_num_symbols → 1
L1B_preamble_reduced_carriers ↓ 
 Number of Carriers: 
  8K FFT: 6913
  16K FFT: 13825
  32K FFT: 27649
 Occupied Bandwidth: 
  bsr_coefficient = 2: 5.832844
  bsr_coefficient = 5: 6.804984
  bsr_coefficient = 8: 7.777125
L1B_L1_Detail_content_tag → 0
L1B_L1_Detail_size_bytes → 25 bytes (200 bits)
L1B_L1_Detail_fec_type → Mode 1
L1B_L1_Detail_additional_parity_mode → K = 0
L1B_L1_Detail_total_cells → 0
L1B_first_sub_mimo → MIMO is not used
L1B_first_sub_miso → No MISO
L1B_first_sub_fft_size → 16K
L1B_first_sub_reduced_carriers → 0
L1B_first_sub_guard_interval → GI5_1024
L1B_first_sub_num_ofdm_symbols → 50
L1B_first_sub_scattered_pilot_pattern → SP6_2
L1B_first_sub_scattered_pilot_boost(power) → 0.00 dB
L1B_first_sub_scattered_pilot_boost(amplitude) → 1.000
L1B_first_sub_sbs_first → The first symbol of the first subframe of the current frame is not a subframe boundary symbol
L1B_first_sub_sbs_last → The last symbol of the first subframe of the current frame is not a subframe boundary symbol
L1B_first_sub_mimo_mixed → PLPs using and not using MIMO are multiplexed within the subframe
L1B_reserved → 140737488355327
L1B_crc → 4068066723
L1D_version → Version 0
L1D_num_rf → 0
L1D_frequency_interleaver → The frequency interleaver is bypassed and not used
L1D_num_plp → 1
 L1D_plp_id → 0
 	L1D_plp_lls_flag → The current PLP does not carry LLS information
 	L1D_plp_layer → Core Layer
 	L1D_plp_start → 0
 	L1D_plp_size → 632933
 	L1D_plp_scrambler_type → The value specifying the PRBS scramber type with polynomial [1 0 0 1 1 1 0 0 0 1 1 0 0 1 0 1] and initial state 0xF180, as defined in the applicable standard (e.g., DVB-S2X, DVB-T2).
 	L1D_plp_fec_type → BCH + 64K LDPC
 	L1D_plp_mod → QPSK
 	L1D_plp_cod → 9/15
 	L1D_plp_TI_mode → No time interleaving mode (neither CTI nor HTI)
 	L1D_plp_fec_block_start → 12801
 	L1D_plp_type → PLP is non-dispersed
L1D_reserved → 0xffffffffffffffff1 (hexadecimal), 65 bits
L1D_crc → 2113784257

[Verification] L1D size correct: 200 bits
Data saved at 'config/log/Frame_4.log' with success!
--- L1 Basic --- 

L1B_version → Version 0
L1B_mimo_scattered_pilot_encoding → Walsh-Hadamard pilots or no MIMO subframes
L1B_lls_flag → No LLS signaling in the current frame
L1B_time_info_flag → Time information is not included in the current frame
L1B_return_channel_flag → DRC is not supported in the current frame of the current frequency band and current broadcast network
L1B_papr_reduction → No PAPR reduction used
L1B_frame_length_mode → The current frame is symbol-aligned with no excess sample distribution
L1B_time_offset → 5376
L1B_additional_samples → 0
L1B_num_subframes → 1
L1B_preamble_num_symbols → 1
L1B_preamble_reduced_carriers ↓ 
 Number of Carriers: 
  8K FFT: 6913
  16K FFT: 13825
  32K FFT: 27649
 Occupied Bandwidth: 
  bsr_coefficient = 2: 5.832844
  bsr_coefficient = 5: 6.804984
  bsr_coefficient = 8: 7.777125
L1B_L1_Detail_content_tag → 0
L1B_L1_Detail_size_bytes → 25 bytes (200 bits)
L1B_L1_Detail_fec_type → Mode 1
L1B_L1_Detail_additional_parity_mode → K = 0
L1B_L1_Detail_total_cells → 0
L1B_first_sub_mimo → MIMO is not used
L1B_first_sub_miso → No MISO
L1B_first_sub_fft_size → 16K
L1B_first_sub_reduced_carriers → 0
L1B_first_sub_guard_interval → GI5_1024
L1B_first_sub_num_ofdm_symbols → 50
L1B_first_sub_scattered_pilot_pattern → SP6_2
L1B_first_sub_scattered_pilot_boost(power) → 0.00 dB
L1B_first_sub_scattered_pilot_boost(amplitude) → 1.000
L1B_first_sub_sbs_first → The first symbol of the first subframe of the current frame is not a subframe boundary symbol
L1B_first_sub_sbs_last → The last symbol of the first subframe of the current frame is not a subframe boundary symbol
L1B_first_sub_mimo_mixed → PLPs using and not using MIMO are multiplexed within the subframe
L1B_reserved → 140737488355327
L1B_crc → 1479180690
L1D_version → Version 0
L1D_num_rf → 0
L1D_frequency_interleaver → The frequency interleaver is bypassed and not used
L1D_num_plp → 1
 L1D_plp_id → 0
 	L1D_plp_lls_flag → The current PLP does not carry LLS information
 	L1D_plp_layer → Core Layer
 	L1D_plp_start → 0
 	L1D_plp_size → 632933
 	L1D_plp_scrambler_type → The value specifying the PRBS scramber type with polynomial [1 0 0 1 1 1 0 0 0 1 1 0 0 1 0 1] and initial state 0xF180, as defined in the applicable standard (e.g., DVB-S2X, DVB-T2).
 	L1D_plp_fec_type → BCH + 64K LDPC
 	L1D_plp_mod → QPSK
 	L1D_plp_cod → 9/15
 	L1D_plp_TI_mode → No time interleaving mode (neither CTI nor HTI)
 	L1D_plp_fec_block_start → 27868
 	L1D_plp_type → PLP is non-dispersed
L1D_reserved → 0xffffffffffffffff1 (hexadecimal), 65 bits
L1D_crc → 860980527

[Verification] L1D size correct: 200 bits
Data saved at 'config/log/Frame_5.log' with success!
--- L1 Basic --- 

L1B_version → Version 0
L1B_mimo_scattered_pilot_encoding → Walsh-Hadamard pilots or no MIMO subframes
L1B_lls_flag → No LLS signaling in the current frame
L1B_time_info_flag → Time information is not included in the current frame
L1B_return_channel_flag → DRC is not supported in the current frame of the current frequency band and current broadcast network
L1B_papr_reduction → No PAPR reduction used
L1B_frame_length_mode → The current frame is symbol-aligned with no excess sample distribution
L1B_time_offset → 1536
L1B_additional_samples → 0
L1B_num_subframes → 1
L1B_preamble_num_symbols → 1
L1B_preamble_reduced_carriers ↓ 
 Number of Carriers: 
  8K FFT: 6913
  16K FFT: 13825
  32K FFT: 27649
 Occupied Bandwidth: 
  bsr_coefficient = 2: 5.832844
  bsr_coefficient = 5: 6.804984
  bsr_coefficient = 8: 7.777125
L1B_L1_Detail_content_tag → 0
L1B_L1_Detail_size_bytes → 25 bytes (200 bits)
L1B_L1_Detail_fec_type → Mode 1
L1B_L1_Detail_additional_parity_mode → K = 0
L1B_L1_Detail_total_cells → 0
L1B_first_sub_mimo → MIMO is not used
L1B_first_sub_miso → No MISO
L1B_first_sub_fft_size → 16K
L1B_first_sub_reduced_carriers → 0
L1B_first_sub_guard_interval → GI5_1024
L1B_first_sub_num_ofdm_symbols → 50
L1B_first_sub_scattered_pilot_pattern → SP6_2
L1B_first_sub_scattered_pilot_boost(power) → 0.00 dB
L1B_first_sub_scattered_pilot_boost(amplitude) → 1.000
L1B_first_sub_sbs_first → The first symbol of the first subframe of the current frame is not a subframe boundary symbol
L1B_first_sub_sbs_last → The last symbol of the first subframe of the current frame is not a subframe boundary symbol
L1B_first_sub_mimo_mixed → PLPs using and not using MIMO are multiplexed within the subframe
L1B_reserved → 140737488355327
L1B_crc → 1604632020
L1D_version → Version 0
L1D_num_rf → 0
L1D_frequency_interleaver → The frequency interleaver is bypassed and not used
L1D_num_plp → 1
 L1D_plp_id → 0
 	L1D_plp_lls_flag → The current PLP does not carry LLS information
 	L1D_plp_layer → Core Layer
 	L1D_plp_start → 0
 	L1D_plp_size → 632933
 	L1D_plp_scrambler_type → The value specifying the PRBS scramber type with polynomial [1 0 0 1 1 1 0 0 0 1 1 0 0 1 0 1] and initial state 0xF180, as defined in the applicable standard (e.g., DVB-S2X, DVB-T2).
 	L1D_plp_fec_type → BCH + 64K LDPC
 	L1D_plp_mod → QPSK
 	L1D_plp_cod → 9/15
 	L1D_plp_TI_mode → No time interleaving mode (neither CTI nor HTI)
 	L1D_plp_fec_block_start → 10535
 	L1D_plp_type → PLP is non-dispersed
L1D_reserved → 0xffffffffffffffff1 (hexadecimal), 65 bits
L1D_crc → 582172315

[Verification] L1D size correct: 200 bits
Data saved at 'config/log/Frame_6.log' with success!
--- L1 Basic --- 

L1B_version → Version 0
L1B_mimo_scattered_pilot_encoding → Walsh-Hadamard pilots or no MIMO subframes
L1B_lls_flag → No LLS signaling in the current frame
L1B_time_info_flag → Time information is not included in the current frame
L1B_return_channel_flag → DRC is not supported in the current frame of the current frequency band and current broadcast network
L1B_papr_reduction → No PAPR reduction used
L1B_frame_length_mode → The current frame is symbol-aligned with no excess sample distribution
L1B_time_offset → 4608
L1B_additional_samples → 0
L1B_num_subframes → 1
L1B_preamble_num_symbols → 1
L1B_preamble_reduced_carriers ↓ 
 Number of Carriers: 
  8K FFT: 6913
  16K FFT: 13825
  32K FFT: 27649
 Occupied Bandwidth: 
  bsr_coefficient = 2: 5.832844
  bsr_coefficient = 5: 6.804984
  bsr_coefficient = 8: 7.777125
L1B_L1_Detail_content_tag → 0
L1B_L1_Detail_size_bytes → 25 bytes (200 bits)
L1B_L1_Detail_fec_type → Mode 1
L1B_L1_Detail_additional_parity_mode → K = 0
L1B_L1_Detail_total_cells → 0
L1B_first_sub_mimo → MIMO is not used
L1B_first_sub_miso → No MISO
L1B_first_sub_fft_size → 16K
L1B_first_sub_reduced_carriers → 0
L1B_first_sub_guard_interval → GI5_1024
L1B_first_sub_num_ofdm_symbols → 50
L1B_first_sub_scattered_pilot_pattern → SP6_2
L1B_first_sub_scattered_pilot_boost(power) → 0.00 dB
L1B_first_sub_scattered_pilot_boost(amplitude) → 1.000
L1B_first_sub_sbs_first → The first symbol of the first subframe of the current frame is not a subframe boundary symbol
L1B_first_sub_sbs_last → The last symbol of the first subframe of the current frame is not a subframe boundary symbol
L1B_first_sub_mimo_mixed → PLPs using and not using MIMO are multiplexed within the subframe
L1B_reserved → 140737488355327
L1B_crc → 850793118
L1D_version → Version 0
L1D_num_rf → 0
L1D_frequency_interleaver → The frequency interleaver is bypassed and not used
L1D_num_plp → 1
 L1D_plp_id → 0
 	L1D_plp_lls_flag → The current PLP does not carry LLS information
 	L1D_plp_layer → Core Layer
 	L1D_plp_start → 0
 	L1D_plp_size → 632933
 	L1D_plp_scrambler_type → The value specifying the PRBS scramber type with polynomial [1 0 0 1 1 1 0 0 0 1 1 0 0 1 0 1] and initial state 0xF180, as defined in the applicable standard (e.g., DVB-S2X, DVB-T2).
 	L1D_plp_fec_type → BCH + 64K LDPC
 	L1D_plp_mod → QPSK
 	L1D_plp_cod → 9/15
 	L1D_plp_TI_mode → No time interleaving mode (neither CTI nor HTI)
 	L1D_plp_fec_block_start → 25602
 	L1D_plp_type → PLP is non-dispersed
L1D_reserved → 0xffffffffffffffff1 (hexadecimal), 65 bits
L1D_crc → 4232058956

[Verification] L1D size correct: 200 bits
Data saved at 'config/log/Frame_7.log' with success!
--- L1 Basic --- 

L1B_version → Version 0
L1B_mimo_scattered_pilot_encoding → Walsh-Hadamard pilots or no MIMO subframes
L1B_lls_flag → No LLS signaling in the current frame
L1B_time_info_flag → Time information is not included in the current frame
L1B_return_channel_flag → DRC is not supported in the current frame of the current frequency band and current broadcast network
L1B_papr_reduction → No PAPR reduction used
L1B_frame_length_mode → The current frame is symbol-aligned with no excess sample distribution
L1B_time_offset → 768
L1B_additional_samples → 0
L1B_num_subframes → 1
L1B_preamble_num_symbols → 1
L1B_preamble_reduced_carriers ↓ 
 Number of Carriers: 
  8K FFT: 6913
  16K FFT: 13825
  32K FFT: 27649
 Occupied Bandwidth: 
  bsr_coefficient = 2: 5.832844
  bsr_coefficient = 5: 6.804984
  bsr_coefficient = 8: 7.777125
L1B_L1_Detail_content_tag → 0
L1B_L1_Detail_size_bytes → 25 bytes (200 bits)
L1B_L1_Detail_fec_type → Mode 1
L1B_L1_Detail_additional_parity_mode → K = 0
L1B_L1_Detail_total_cells → 0
L1B_first_sub_mimo → MIMO is not used
L1B_first_sub_miso → No MISO
L1B_first_sub_fft_size → 16K
L1B_first_sub_reduced_carriers → 0
L1B_first_sub_guard_interval → GI5_1024
L1B_first_sub_num_ofdm_symbols → 50
L1B_first_sub_scattered_pilot_pattern → SP6_2
L1B_first_sub_scattered_pilot_boost(power) → 0.00 dB
L1B_first_sub_scattered_pilot_boost(amplitude) → 1.000
L1B_first_sub_sbs_first → The first symbol of the first subframe of the current frame is not a subframe boundary symbol
L1B_first_sub_sbs_last → The last symbol of the first subframe of the current frame is not a subframe boundary symbol
L1B_first_sub_mimo_mixed → PLPs using and not using MIMO are multiplexed within the subframe
L1B_reserved → 140737488355327
L1B_crc → 3304100358
L1D_version → Version 0
L1D_num_rf → 0
L1D_frequency_interleaver → The frequency interleaver is bypassed and not used
L1D_num_plp → 1
 L1D_plp_id → 0
 	L1D_plp_lls_flag → The current PLP does not carry LLS information
 	L1D_plp_layer → Core Layer
 	L1D_plp_start → 0
 	L1D_plp_size → 632933
 	L1D_plp_scrambler_type → The value specifying the PRBS scramber type with polynomial [1 0 0 1 1 1 0 0 0 1 1 0 0 1 0 1] and initial state 0xF180, as defined in the applicable standard (e.g., DVB-S2X, DVB-T2).
 	L1D_plp_fec_type → BCH + 64K LDPC
 	L1D_plp_mod → QPSK
 	L1D_plp_cod → 9/15
 	L1D_plp_TI_mode → No time interleaving mode (neither CTI nor HTI)
 	L1D_plp_fec_block_start → 8269
 	L1D_plp_type → PLP is non-dispersed
L1D_reserved → 0xffffffffffffffff1 (hexadecimal), 65 bits
L1D_crc → 1861090133

[Verification] L1D size correct: 200 bits
Data saved at 'config/log/Frame_8.log' with success!
--- L1 Basic --- 

L1B_version → Version 0
L1B_mimo_scattered_pilot_encoding → Walsh-Hadamard pilots or no MIMO subframes
L1B_lls_flag → No LLS signaling in the current frame
L1B_time_info_flag → Time information is not included in the current frame
L1B_return_channel_flag → DRC is not supported in the current frame of the current frequency band and current broadcast network
L1B_papr_reduction → No PAPR reduction used
L1B_frame_length_mode → The current frame is symbol-aligned with no excess sample distribution
L1B_time_offset → 3840
L1B_additional_samples → 0
L1B_num_subframes → 1
L1B_preamble_num_symbols → 1
L1B_preamble_reduced_carriers ↓ 
 Number of Carriers: 
  8K FFT: 6913
  16K FFT: 13825
  32K FFT: 27649
 Occupied Bandwidth: 
  bsr_coefficient = 2: 5.832844
  bsr_coefficient = 5: 6.804984
  bsr_coefficient = 8: 7.777125
L1B_L1_Detail_content_tag → 0
L1B_L1_Detail_size_bytes → 25 bytes (200 bits)
L1B_L1_Detail_fec_type → Mode 1
L1B_L1_Detail_additional_parity_mode → K = 0
L1B_L1_Detail_total_cells → 0
L1B_first_sub_mimo → MIMO is not used
L1B_first_sub_miso → No MISO
L1B_first_sub_fft_size → 16K
L1B_first_sub_reduced_carriers → 0
L1B_first_sub_guard_interval → GI5_1024
L1B_first_sub_num_ofdm_symbols → 50
L1B_first_sub_scattered_pilot_pattern → SP6_2
L1B_first_sub_scattered_pilot_boost(power) → 0.00 dB
L1B_first_sub_scattered_pilot_boost(amplitude) → 1.000
L1B_first_sub_sbs_first → The first symbol of the first subframe of the current frame is not a subframe boundary symbol
L1B_first_sub_sbs_last → The last symbol of the first subframe of the current frame is not a subframe boundary symbol
L1B_first_sub_mimo_mixed → PLPs using and not using MIMO are multiplexed within the subframe
L1B_reserved → 140737488355327
L1B_crc → 3758164160
L1D_version → Version 0
L1D_num_rf → 0
L1D_frequency_interleaver → The frequency interleaver is bypassed and not used
L1D_num_plp → 1
 L1D_plp_id → 0
 	L1D_plp_lls_flag → The current PLP does not carry LLS information
 	L1D_plp_layer → Core Layer
 	L1D_plp_start → 0
 	L1D_plp_size → 632933
 	L1D_plp_scrambler_type → The value specifying the PRBS scramber type with polynomial [1 0 0 1 1 1 0 0 0 1 1 0 0 1 0 1] and initial state 0xF180, as defined in the applicable standard (e.g., DVB-S2X, DVB-T2).
 	L1D_plp_fec_type → BCH + 64K LDPC
 	L1D_plp_mod → QPSK
 	L1D_plp_cod → 9/15
 	L1D_plp_TI_mode → No time interleaving mode (neither CTI nor HTI)
 	L1D_plp_fec_block_start → 23336
 	L1D_plp_type → PLP is non-dispersed
L1D_reserved → 0xffffffffffffffff1 (hexadecimal), 65 bits
L1D_crc → 51231858

[Verification] L1D size correct: 200 bits
Data saved at 'config/log/Frame_9.log' with success!
--- L1 Basic --- 

L1B_version → Version 0
L1B_mimo_scattered_pilot_encoding → Walsh-Hadamard pilots or no MIMO subframes
L1B_lls_flag → No LLS signaling in the current frame
L1B_time_info_flag → Time information is not included in the current frame
L1B_return_channel_flag → DRC is not supported in the current frame of the current frequency band and current broadcast network
L1B_papr_reduction → No PAPR reduction used
L1B_frame_length_mode → The current frame is symbol-aligned with no excess sample distribution
L1B_time_offset → 0
L1B_additional_samples → 0
L1B_num_subframes → 1
L1B_preamble_num_symbols → 1
L1B_preamble_reduced_carriers ↓ 
 Number of Carriers: 
  8K FFT: 6913
  16K FFT: 13825
  32K FFT: 27649
 Occupied Bandwidth: 
  bsr_coefficient = 2: 5.832844
  bsr_coefficient = 5: 6.804984
  bsr_coefficient = 8: 7.777125
L1B_L1_Detail_content_tag → 0
L1B_L1_Detail_size_bytes → 25 bytes (200 bits)
L1B_L1_Detail_fec_type → Mode 1
L1B_L1_Detail_additional_parity_mode → K = 0
L1B_L1_Detail_total_cells → 0
L1B_first_sub_mimo → MIMO is not used
L1B_first_sub_miso → No MISO
L1B_first_sub_fft_size → 16K
L1B_first_sub_reduced_carriers → 0
L1B_first_sub_guard_interval → GI5_1024
L1B_first_sub_num_ofdm_symbols → 50
L1B_first_sub_scattered_pilot_pattern → SP6_2
L1B_first_sub_scattered_pilot_boost(power) → 0.00 dB
L1B_first_sub_scattered_pilot_boost(amplitude) → 1.000
L1B_first_sub_sbs_first → The first symbol of the first subframe of the current frame is not a subframe boundary symbol
L1B_first_sub_sbs_last → The last symbol of the first subframe of the current frame is not a subframe boundary symbol
L1B_first_sub_mimo_mixed → PLPs using and not using MIMO are multiplexed within the subframe
L1B_reserved → 140737488355327
L1B_crc → 1306292407
L1D_version → Version 0
L1D_num_rf → 0
L1D_frequency_interleaver → The frequency interleaver is bypassed and not used
L1D_num_plp → 1
 L1D_plp_id → 0
 	L1D_plp_lls_flag → The current PLP does not carry LLS information
 	L1D_plp_layer → Core Layer
 	L1D_plp_start → 0
 	L1D_plp_size → 632933
 	L1D_plp_scrambler_type → The value specifying the PRBS scramber type with polynomial [1 0 0 1 1 1 0 0 0 1 1 0 0 1 0 1] and initial state 0xF180, as defined in the applicable standard (e.g., DVB-S2X, DVB-T2).
 	L1D_plp_fec_type → BCH + 64K LDPC
 	L1D_plp_mod → QPSK
 	L1D_plp_cod → 9/15
 	L1D_plp_TI_mode → No time interleaving mode (neither CTI nor HTI)
 	L1D_plp_fec_block_start → 6003
 	L1D_plp_type → PLP is non-dispersed
L1D_reserved → 0xffffffffffffffff1 (hexadecimal), 65 bits
L1D_crc → 2366701230

[Verification] L1D size correct: 200 bits
Data saved at 'config/log/Frame_10.log' with success!
  Interpreter done: 10 frames processed
  Logs saved to: config/log/
==============================

=== Frame Duration (Symbol-Aligned) ===
  Fs = 6.912e+06 Hz, Ts = 1.44676e-07 s
  Bootstrap: 5 symbols, 12288 samples @ 6.144 MHz, T_BS = 2 ms
  Preamble: 1 symbols, T_symbol = 2.51852 ms
  Subframe 0: 50 OFDM symbols, T_symbol = 2.51852 ms, subtotal = 125.926 ms
  Additional samples: 0
  Total duration = 130.444 ms
Saved frame duration: config/log/frame_duration.txt
JSON flag: computeResultsData
===============================================================================
All tests passed (81 assertions in 1 test case)

<end of output>
Test time =   0.06 sec
----------------------------------------------------------
Test Passed.
"Scenario: T1: 1 subframe 16K-QPSK-CR9/15 64K-LDPC, 1 PLP de 632933 cells" end time: Apr 28 00:19 -03
"Scenario: T1: 1 subframe 16K-QPSK-CR9/15 64K-LDPC, 1 PLP de 632933 cells" time elapsed: 00:00:00
----------------------------------------------------------

End testing: Apr 28 00:19 -03
